Using pre-set license
Built from '2022.3/staging' branch; Version is '2022.3.19f1 (244b723c30a6) revision 2378610'; Using compiler version '192829333'; Build Type 'Release'
OS: 'Windows 11  (10.0.22631) 64bit Core' Language: 'ko' Physical Memory: 31934 MB
BatchMode: 1, IsHumanControllingUs: 0, StartBugReporterOnCrash: 0, Is64bit: 1, IsPro: 1

COMMAND LINE ARGUMENTS:
C:\Program Files\Unity\Hub\Editor\2022.3.19f1\Editor\Unity.exe
-adb2
-batchMode
-noUpm
-name
AssetImportWorker9
-projectPath
D:/Unity_Project/NiarT_Pro_Fork/Train
-logFile
Logs/AssetImportWorker9.log
-srvPort
57669
Successfully changed project path to: D:/Unity_Project/NiarT_Pro_Fork/Train
D:/Unity_Project/NiarT_Pro_Fork/Train
[UnityMemory] Configuration Parameters - Can be set up in boot.config
    "memorysetup-bucket-allocator-granularity=16"
    "memorysetup-bucket-allocator-bucket-count=8"
    "memorysetup-bucket-allocator-block-size=33554432"
    "memorysetup-bucket-allocator-block-count=8"
    "memorysetup-main-allocator-block-size=16777216"
    "memorysetup-thread-allocator-block-size=16777216"
    "memorysetup-gfx-main-allocator-block-size=16777216"
    "memorysetup-gfx-thread-allocator-block-size=16777216"
    "memorysetup-cache-allocator-block-size=4194304"
    "memorysetup-typetree-allocator-block-size=2097152"
    "memorysetup-profiler-bucket-allocator-granularity=16"
    "memorysetup-profiler-bucket-allocator-bucket-count=8"
    "memorysetup-profiler-bucket-allocator-block-size=33554432"
    "memorysetup-profiler-bucket-allocator-block-count=8"
    "memorysetup-profiler-allocator-block-size=16777216"
    "memorysetup-profiler-editor-allocator-block-size=1048576"
    "memorysetup-temp-allocator-size-main=16777216"
    "memorysetup-job-temp-allocator-block-size=2097152"
    "memorysetup-job-temp-allocator-block-size-background=1048576"
    "memorysetup-job-temp-allocator-reduction-small-platforms=262144"
    "memorysetup-allocator-temp-initial-block-size-main=262144"
    "memorysetup-allocator-temp-initial-block-size-worker=262144"
    "memorysetup-temp-allocator-size-background-worker=32768"
    "memorysetup-temp-allocator-size-job-worker=262144"
    "memorysetup-temp-allocator-size-preload-manager=33554432"
    "memorysetup-temp-allocator-size-nav-mesh-worker=65536"
    "memorysetup-temp-allocator-size-audio-worker=65536"
    "memorysetup-temp-allocator-size-cloud-worker=32768"
    "memorysetup-temp-allocator-size-gi-baking-worker=262144"
    "memorysetup-temp-allocator-size-gfx=262144"
Player connection [31036] Host "[IP] 192.168.45.110 [Port] 0 [Flags] 2 [Guid] 1125601167 [EditorId] 1125601167 [Version] 1048832 [Id] WindowsEditor(7,kmk_home) [Debug] 1 [PackageName] WindowsEditor [ProjectName] Editor" joined multi-casting on [225.0.0.222:54997]...

Player connection [31036] Host "[IP] 192.168.45.110 [Port] 0 [Flags] 2 [Guid] 1125601167 [EditorId] 1125601167 [Version] 1048832 [Id] WindowsEditor(7,kmk_home) [Debug] 1 [PackageName] WindowsEditor [ProjectName] Editor" joined alternative multi-casting on [225.0.0.222:34997]...

[Physics::Module] Initialized MultithreadedJobDispatcher with 15 workers.
Refreshing native plugins compatible for Editor in 5.58 ms, found 3 plugins.
Preloading 0 native plugins for Editor in 0.00 ms.
Initialize engine version: 2022.3.19f1 (244b723c30a6)
[Subsystems] Discovering subsystems at path C:/Program Files/Unity/Hub/Editor/2022.3.19f1/Editor/Data/Resources/UnitySubsystems
[Subsystems] Discovering subsystems at path D:/Unity_Project/NiarT_Pro_Fork/Train/Assets
GfxDevice: creating device client; threaded=0; jobified=0
Direct3D:
    Version:  Direct3D 11.0 [level 11.1]
    Renderer: NVIDIA GeForce RTX 4070 Ti SUPER (ID=0x2705)
    Vendor:   NVIDIA
    VRAM:     16063 MB
    Driver:   32.0.15.6081
Shader 'MoreMountains/MMRipple': fallback shader 'Particle/AlphaBlended' not found
Initialize mono
Mono path[0] = 'C:/Program Files/Unity/Hub/Editor/2022.3.19f1/Editor/Data/Managed'
Mono path[1] = 'C:/Program Files/Unity/Hub/Editor/2022.3.19f1/Editor/Data/MonoBleedingEdge/lib/mono/unityjit-win32'
Mono config path = 'C:/Program Files/Unity/Hub/Editor/2022.3.19f1/Editor/Data/MonoBleedingEdge/etc'
Using monoOptions --debugger-agent=transport=dt_socket,embedding=1,server=y,suspend=n,address=127.0.0.1:56596
Begin MonoManager ReloadAssembly
Registering precompiled unity dll's ...
Register platform support module: C:/Program Files/Unity/Hub/Editor/2022.3.19f1/Editor/Data/PlaybackEngines/WindowsStandaloneSupport/UnityEditor.WindowsStandalone.Extensions.dll
Registered in 0.004627 seconds.
- Loaded All Assemblies, in  0.246 seconds
Native extension for WindowsStandalone target not found
Mono: successfully reloaded assembly
- Finished resetting the current domain, in  0.174 seconds
Domain Reload Profiling: 419ms
	BeginReloadAssembly (87ms)
		ExecutionOrderSort (0ms)
		DisableScriptedObjects (0ms)
		BackupInstance (0ms)
		ReleaseScriptingObjects (0ms)
		CreateAndSetChildDomain (1ms)
	RebuildCommonClasses (20ms)
	RebuildNativeTypeToScriptingClass (7ms)
	initialDomainReloadingComplete (37ms)
	LoadAllAssembliesAndSetupDomain (94ms)
		LoadAssemblies (85ms)
		RebuildTransferFunctionScriptingTraits (0ms)
		AnalyzeDomain (92ms)
			TypeCache.Refresh (91ms)
				TypeCache.ScanAssembly (80ms)
			ScanForSourceGeneratedMonoScriptInfo (0ms)
			ResolveRequiredComponents (0ms)
	FinalizeReload (174ms)
		ReleaseScriptCaches (0ms)
		RebuildScriptCaches (0ms)
		SetupLoadedEditorAssemblies (136ms)
			LogAssemblyErrors (0ms)
			InitializePlatformSupportModulesInManaged (7ms)
			SetLoadedEditorAssemblies (5ms)
			RefreshPlugins (0ms)
			BeforeProcessingInitializeOnLoad (1ms)
			ProcessInitializeOnLoadAttributes (94ms)
			ProcessInitializeOnLoadMethodAttributes (30ms)
			AfterProcessingInitializeOnLoad (0ms)
			EditorAssembliesLoaded (0ms)
		ExecutionOrderSort2 (0ms)
		AwakeInstancesAfterBackupRestoration (0ms)
========================================================================
Worker process is ready to serve import requests
Begin MonoManager ReloadAssembly
Symbol file LoadedFromMemory is not a mono symbol file
- Loaded All Assemblies, in  0.445 seconds
Refreshing native plugins compatible for Editor in 1.78 ms, found 3 plugins.
Native extension for WindowsStandalone target not found
Package Manager log level set to [2]
[Package Manager] Server::EnsureServerProcessIsRunning -- launch failed, reason: Unity was launched with the -noUpm command-line argument
[Package Manager] UpmClient::Send -- Unable to send message (not connected to UPM process).
[Package Manager] Cannot connect to Unity Package Manager local server
Mono: successfully reloaded assembly
- Finished resetting the current domain, in  0.476 seconds
Domain Reload Profiling: 920ms
	BeginReloadAssembly (114ms)
		ExecutionOrderSort (0ms)
		DisableScriptedObjects (3ms)
		BackupInstance (0ms)
		ReleaseScriptingObjects (0ms)
		CreateAndSetChildDomain (18ms)
	RebuildCommonClasses (19ms)
	RebuildNativeTypeToScriptingClass (6ms)
	initialDomainReloadingComplete (33ms)
	LoadAllAssembliesAndSetupDomain (270ms)
		LoadAssemblies (210ms)
		RebuildTransferFunctionScriptingTraits (0ms)
		AnalyzeDomain (125ms)
			TypeCache.Refresh (99ms)
				TypeCache.ScanAssembly (88ms)
			ScanForSourceGeneratedMonoScriptInfo (12ms)
			ResolveRequiredComponents (13ms)
	FinalizeReload (476ms)
		ReleaseScriptCaches (0ms)
		RebuildScriptCaches (0ms)
		SetupLoadedEditorAssemblies (357ms)
			LogAssemblyErrors (0ms)
			InitializePlatformSupportModulesInManaged (3ms)
			SetLoadedEditorAssemblies (3ms)
			RefreshPlugins (0ms)
			BeforeProcessingInitializeOnLoad (51ms)
			ProcessInitializeOnLoadAttributes (279ms)
			ProcessInitializeOnLoadMethodAttributes (16ms)
			AfterProcessingInitializeOnLoad (5ms)
			EditorAssembliesLoaded (0ms)
		ExecutionOrderSort2 (0ms)
		AwakeInstancesAfterBackupRestoration (4ms)
Shader 'MoreMountains/MMRipple': fallback shader 'Particle/AlphaBlended' not found
Launched and connected shader compiler UnityShaderCompiler.exe after 0.04 seconds
Refreshing native plugins compatible for Editor in 1.82 ms, found 3 plugins.
Preloading 0 native plugins for Editor in 0.00 ms.
Unloading 5047 Unused Serialized files (Serialized files now loaded: 0)
Unloading 91 unused Assets / (135.9 KB). Loaded Objects now: 5507.
Memory consumption went from 271.3 MB to 271.1 MB.
Total: 3.425000 ms (FindLiveObjects: 0.232200 ms CreateObjectMapping: 0.108800 ms MarkObjects: 2.954100 ms  DeleteObjects: 0.129200 ms)

AssetImportParameters requested are different than current active one (requested -> active):
  custom:container-demuxer-ogg: 62fdf1f143b41e24485cea50d1cbac27 -> 
  custom:video-codec-MediaFoundation-h265: 746d11721c4dcdbdad8f713fa42b33f4 -> 
  custom:video-decoder-ogg-theora: a1e56fd34408186e4bbccfd4996cb3dc -> 
  custom:framework-win-MediaFoundation: 216162199b28c13a410421893ffa2e32 -> 
  custom:CustomObjectIndexerAttribute: 6d391050e5a25f67b0a2c618074f2cd9 -> 
  custom:container-demuxer-webm: 4f35f7cbe854078d1ac9338744f61a02 -> 
  custom:container-muxer-webm: aa71ff27fc2769a1b78a27578f13a17b -> 
  custom:video-decoder-webm-vp8: 9c59270c3fd7afecdb556c50c9e8de78 -> 
  custom:SearchIndexIgnoredProperties: e643bd26f0fe6173181afceb89e7c659 -> 
  custom:AudioImporter_EditorPlatform: d09bf68614088b80899f8185d706f6e7 -> 
  custom:video-encoder-webm-vp8: eb34c28f22e8b96e1ab97ce403110664 -> 
  custom:audio-decoder-ogg-vorbis: bf7c407c2cedff20999df2af8eb42d56 -> 
  custom:audio-encoder-webm-vorbis: bf7c407c2cedff20999df2af8eb42d56 -> 
========================================================================
Received Prepare
Begin MonoManager ReloadAssembly
Symbol file LoadedFromMemory is not a mono symbol file
- Loaded All Assemblies, in  0.317 seconds
Refreshing native plugins compatible for Editor in 33.71 ms, found 3 plugins.
Native extension for WindowsStandalone target not found
[Package Manager] Server::EnsureServerProcessIsRunning -- launch failed, reason: Unity was launched with the -noUpm command-line argument
[Package Manager] UpmClient::Send -- Unable to send message (not connected to UPM process).
[Package Manager] Cannot connect to Unity Package Manager local server
Mono: successfully reloaded assembly
- Finished resetting the current domain, in  0.578 seconds
Domain Reload Profiling: 895ms
	BeginReloadAssembly (113ms)
		ExecutionOrderSort (0ms)
		DisableScriptedObjects (4ms)
		BackupInstance (0ms)
		ReleaseScriptingObjects (0ms)
		CreateAndSetChildDomain (28ms)
	RebuildCommonClasses (19ms)
	RebuildNativeTypeToScriptingClass (9ms)
	initialDomainReloadingComplete (26ms)
	LoadAllAssembliesAndSetupDomain (149ms)
		LoadAssemblies (178ms)
		RebuildTransferFunctionScriptingTraits (0ms)
		AnalyzeDomain (20ms)
			TypeCache.Refresh (4ms)
				TypeCache.ScanAssembly (0ms)
			ScanForSourceGeneratedMonoScriptInfo (0ms)
			ResolveRequiredComponents (15ms)
	FinalizeReload (579ms)
		ReleaseScriptCaches (0ms)
		RebuildScriptCaches (0ms)
		SetupLoadedEditorAssemblies (286ms)
			LogAssemblyErrors (0ms)
			InitializePlatformSupportModulesInManaged (4ms)
			SetLoadedEditorAssemblies (3ms)
			RefreshPlugins (0ms)
			BeforeProcessingInitializeOnLoad (44ms)
			ProcessInitializeOnLoadAttributes (203ms)
			ProcessInitializeOnLoadMethodAttributes (26ms)
			AfterProcessingInitializeOnLoad (6ms)
			EditorAssembliesLoaded (0ms)
		ExecutionOrderSort2 (0ms)
		AwakeInstancesAfterBackupRestoration (8ms)
Shader 'MoreMountains/MMRipple': fallback shader 'Particle/AlphaBlended' not found
Refreshing native plugins compatible for Editor in 2.29 ms, found 3 plugins.
Preloading 0 native plugins for Editor in 0.00 ms.
Unloading 4946 Unused Serialized files (Serialized files now loaded: 0)
Unloading 36 unused Assets / (106.4 KB). Loaded Objects now: 5522.
Memory consumption went from 258.2 MB to 258.1 MB.
Total: 2.771500 ms (FindLiveObjects: 0.314300 ms CreateObjectMapping: 0.080500 ms MarkObjects: 2.317400 ms  DeleteObjects: 0.058600 ms)

Prepare: number of updated asset objects reloaded= 0
AssetImportParameters requested are different than current active one (requested -> active):
  custom:container-demuxer-ogg: 62fdf1f143b41e24485cea50d1cbac27 -> 
  custom:video-codec-MediaFoundation-h265: 746d11721c4dcdbdad8f713fa42b33f4 -> 
  custom:video-decoder-ogg-theora: a1e56fd34408186e4bbccfd4996cb3dc -> 
  custom:framework-win-MediaFoundation: 216162199b28c13a410421893ffa2e32 -> 
  custom:CustomObjectIndexerAttribute: 6d391050e5a25f67b0a2c618074f2cd9 -> 
  custom:container-demuxer-webm: 4f35f7cbe854078d1ac9338744f61a02 -> 
  custom:container-muxer-webm: aa71ff27fc2769a1b78a27578f13a17b -> 
  custom:video-decoder-webm-vp8: 9c59270c3fd7afecdb556c50c9e8de78 -> 
  custom:SearchIndexIgnoredProperties: e643bd26f0fe6173181afceb89e7c659 -> 
  custom:AudioImporter_EditorPlatform: d09bf68614088b80899f8185d706f6e7 -> 
  custom:video-encoder-webm-vp8: eb34c28f22e8b96e1ab97ce403110664 -> 
  custom:audio-decoder-ogg-vorbis: bf7c407c2cedff20999df2af8eb42d56 -> 
  custom:audio-encoder-webm-vorbis: bf7c407c2cedff20999df2af8eb42d56 -> 
========================================================================
Received Prepare
Begin MonoManager ReloadAssembly
Symbol file LoadedFromMemory is not a mono symbol file
- Loaded All Assemblies, in  0.290 seconds
Refreshing native plugins compatible for Editor in 1.90 ms, found 3 plugins.
Native extension for WindowsStandalone target not found
[Package Manager] Server::EnsureServerProcessIsRunning -- launch failed, reason: Unity was launched with the -noUpm command-line argument
[Package Manager] UpmClient::Send -- Unable to send message (not connected to UPM process).
[Package Manager] Cannot connect to Unity Package Manager local server
Mono: successfully reloaded assembly
- Finished resetting the current domain, in  0.564 seconds
Domain Reload Profiling: 853ms
	BeginReloadAssembly (110ms)
		ExecutionOrderSort (0ms)
		DisableScriptedObjects (3ms)
		BackupInstance (0ms)
		ReleaseScriptingObjects (0ms)
		CreateAndSetChildDomain (26ms)
	RebuildCommonClasses (20ms)
	RebuildNativeTypeToScriptingClass (8ms)
	initialDomainReloadingComplete (18ms)
	LoadAllAssembliesAndSetupDomain (132ms)
		LoadAssemblies (171ms)
		RebuildTransferFunctionScriptingTraits (0ms)
		AnalyzeDomain (17ms)
			TypeCache.Refresh (4ms)
				TypeCache.ScanAssembly (0ms)
			ScanForSourceGeneratedMonoScriptInfo (0ms)
			ResolveRequiredComponents (12ms)
	FinalizeReload (564ms)
		ReleaseScriptCaches (0ms)
		RebuildScriptCaches (0ms)
		SetupLoadedEditorAssemblies (282ms)
			LogAssemblyErrors (0ms)
			InitializePlatformSupportModulesInManaged (4ms)
			SetLoadedEditorAssemblies (3ms)
			RefreshPlugins (0ms)
			BeforeProcessingInitializeOnLoad (44ms)
			ProcessInitializeOnLoadAttributes (198ms)
			ProcessInitializeOnLoadMethodAttributes (26ms)
			AfterProcessingInitializeOnLoad (6ms)
			EditorAssembliesLoaded (1ms)
		ExecutionOrderSort2 (0ms)
		AwakeInstancesAfterBackupRestoration (8ms)
Shader 'MoreMountains/MMRipple': fallback shader 'Particle/AlphaBlended' not found
Refreshing native plugins compatible for Editor in 1.88 ms, found 3 plugins.
Preloading 0 native plugins for Editor in 0.00 ms.
Unloading 4946 Unused Serialized files (Serialized files now loaded: 0)
Unloading 36 unused Assets / (106.7 KB). Loaded Objects now: 5537.
Memory consumption went from 260.1 MB to 260.0 MB.
Total: 2.635900 ms (FindLiveObjects: 0.378700 ms CreateObjectMapping: 0.140100 ms MarkObjects: 2.061000 ms  DeleteObjects: 0.055600 ms)

Prepare: number of updated asset objects reloaded= 0
AssetImportParameters requested are different than current active one (requested -> active):
  custom:container-demuxer-ogg: 62fdf1f143b41e24485cea50d1cbac27 -> 
  custom:video-codec-MediaFoundation-h265: 746d11721c4dcdbdad8f713fa42b33f4 -> 
  custom:video-decoder-ogg-theora: a1e56fd34408186e4bbccfd4996cb3dc -> 
  custom:framework-win-MediaFoundation: 216162199b28c13a410421893ffa2e32 -> 
  custom:CustomObjectIndexerAttribute: 6d391050e5a25f67b0a2c618074f2cd9 -> 
  custom:container-demuxer-webm: 4f35f7cbe854078d1ac9338744f61a02 -> 
  custom:container-muxer-webm: aa71ff27fc2769a1b78a27578f13a17b -> 
  custom:video-decoder-webm-vp8: 9c59270c3fd7afecdb556c50c9e8de78 -> 
  custom:SearchIndexIgnoredProperties: e643bd26f0fe6173181afceb89e7c659 -> 
  custom:AudioImporter_EditorPlatform: d09bf68614088b80899f8185d706f6e7 -> 
  custom:video-encoder-webm-vp8: eb34c28f22e8b96e1ab97ce403110664 -> 
  custom:audio-decoder-ogg-vorbis: bf7c407c2cedff20999df2af8eb42d56 -> 
  custom:audio-encoder-webm-vorbis: bf7c407c2cedff20999df2af8eb42d56 -> 
========================================================================
Received Prepare
Begin MonoManager ReloadAssembly
Symbol file LoadedFromMemory is not a mono symbol file
- Loaded All Assemblies, in  0.324 seconds
Refreshing native plugins compatible for Editor in 1.89 ms, found 3 plugins.
Native extension for WindowsStandalone target not found
[Package Manager] Server::EnsureServerProcessIsRunning -- launch failed, reason: Unity was launched with the -noUpm command-line argument
[Package Manager] UpmClient::Send -- Unable to send message (not connected to UPM process).
[Package Manager] Cannot connect to Unity Package Manager local server
Mono: successfully reloaded assembly
- Finished resetting the current domain, in  0.634 seconds
Domain Reload Profiling: 957ms
	BeginReloadAssembly (113ms)
		ExecutionOrderSort (0ms)
		DisableScriptedObjects (3ms)
		BackupInstance (0ms)
		ReleaseScriptingObjects (0ms)
		CreateAndSetChildDomain (24ms)
	RebuildCommonClasses (20ms)
	RebuildNativeTypeToScriptingClass (7ms)
	initialDomainReloadingComplete (19ms)
	LoadAllAssembliesAndSetupDomain (163ms)
		LoadAssemblies (205ms)
		RebuildTransferFunctionScriptingTraits (0ms)
		AnalyzeDomain (17ms)
			TypeCache.Refresh (4ms)
				TypeCache.ScanAssembly (0ms)
			ScanForSourceGeneratedMonoScriptInfo (0ms)
			ResolveRequiredComponents (12ms)
	FinalizeReload (635ms)
		ReleaseScriptCaches (0ms)
		RebuildScriptCaches (0ms)
		SetupLoadedEditorAssemblies (313ms)
			LogAssemblyErrors (0ms)
			InitializePlatformSupportModulesInManaged (4ms)
			SetLoadedEditorAssemblies (3ms)
			RefreshPlugins (0ms)
			BeforeProcessingInitializeOnLoad (44ms)
			ProcessInitializeOnLoadAttributes (232ms)
			ProcessInitializeOnLoadMethodAttributes (24ms)
			AfterProcessingInitializeOnLoad (6ms)
			EditorAssembliesLoaded (1ms)
		ExecutionOrderSort2 (0ms)
		AwakeInstancesAfterBackupRestoration (7ms)
Shader 'MoreMountains/MMRipple': fallback shader 'Particle/AlphaBlended' not found
Refreshing native plugins compatible for Editor in 2.58 ms, found 3 plugins.
Preloading 0 native plugins for Editor in 0.00 ms.
Unloading 4946 Unused Serialized files (Serialized files now loaded: 0)
Unloading 36 unused Assets / (106.6 KB). Loaded Objects now: 5552.
Memory consumption went from 262.1 MB to 262.0 MB.
Total: 2.640600 ms (FindLiveObjects: 0.269800 ms CreateObjectMapping: 0.079600 ms MarkObjects: 2.213300 ms  DeleteObjects: 0.077300 ms)

Prepare: number of updated asset objects reloaded= 0
AssetImportParameters requested are different than current active one (requested -> active):
  custom:container-demuxer-ogg: 62fdf1f143b41e24485cea50d1cbac27 -> 
  custom:video-codec-MediaFoundation-h265: 746d11721c4dcdbdad8f713fa42b33f4 -> 
  custom:video-decoder-ogg-theora: a1e56fd34408186e4bbccfd4996cb3dc -> 
  custom:framework-win-MediaFoundation: 216162199b28c13a410421893ffa2e32 -> 
  custom:CustomObjectIndexerAttribute: 6d391050e5a25f67b0a2c618074f2cd9 -> 
  custom:container-demuxer-webm: 4f35f7cbe854078d1ac9338744f61a02 -> 
  custom:container-muxer-webm: aa71ff27fc2769a1b78a27578f13a17b -> 
  custom:video-decoder-webm-vp8: 9c59270c3fd7afecdb556c50c9e8de78 -> 
  custom:SearchIndexIgnoredProperties: e643bd26f0fe6173181afceb89e7c659 -> 
  custom:AudioImporter_EditorPlatform: d09bf68614088b80899f8185d706f6e7 -> 
  custom:video-encoder-webm-vp8: eb34c28f22e8b96e1ab97ce403110664 -> 
  custom:audio-decoder-ogg-vorbis: bf7c407c2cedff20999df2af8eb42d56 -> 
  custom:audio-encoder-webm-vorbis: bf7c407c2cedff20999df2af8eb42d56 -> 
========================================================================
Received Import Request.
  Time since last request: 12058.521555 seconds.
  path: Assets/Sprite/BackGround/철로.png
  artifactKey: Guid(820051b541a6b304295766ccdf9f4648) Importer(815301076,1909f56bfc062723c751e8b465ee728b)
Start importing Assets/Sprite/BackGround/철로.png using Guid(820051b541a6b304295766ccdf9f4648) Importer(815301076,1909f56bfc062723c751e8b465ee728b)  -> (artifact id: 'bca802bf4514b6d79bee6b934e37e895') in 0.065041 seconds
Number of updated asset objects reloaded before import = 0
Number of asset objects unloaded after import = 3
========================================================================
Received Import Request.
  Time since last request: 0.000012 seconds.
  path: Assets/Sprite/BackGround/철로2.png
  artifactKey: Guid(6fcf0e6bd9cc8d5459cb9423f5d5d3e4) Importer(815301076,1909f56bfc062723c751e8b465ee728b)
Start importing Assets/Sprite/BackGround/철로2.png using Guid(6fcf0e6bd9cc8d5459cb9423f5d5d3e4) Importer(815301076,1909f56bfc062723c751e8b465ee728b)  -> (artifact id: 'ae3aa65fae99c92bab8867c8316716a9') in 0.009559 seconds
Number of updated asset objects reloaded before import = 0
Number of asset objects unloaded after import = 3
========================================================================
Received Import Request.
  Time since last request: 2.428733 seconds.
  path: Assets/Sprite/캐릭터(V2)/기관사_1.png
  artifactKey: Guid(db38b24586199fd46ab0bef6acd74cfc) Importer(815301076,1909f56bfc062723c751e8b465ee728b)
Start importing Assets/Sprite/캐릭터(V2)/기관사_1.png using Guid(db38b24586199fd46ab0bef6acd74cfc) Importer(815301076,1909f56bfc062723c751e8b465ee728b)  -> (artifact id: 'cddead285bb033263dd746bfaabb2145') in 0.009164 seconds
Number of updated asset objects reloaded before import = 0
Number of asset objects unloaded after import = 3
========================================================================
Received Import Request.
  Time since last request: 0.007377 seconds.
  path: Assets/Sprite/캐릭터(V2)/메리골드_기본(500).png
  artifactKey: Guid(8a3c314747b8995459b0b4c4178898f6) Importer(815301076,1909f56bfc062723c751e8b465ee728b)
Start importing Assets/Sprite/캐릭터(V2)/메리골드_기본(500).png using Guid(8a3c314747b8995459b0b4c4178898f6) Importer(815301076,1909f56bfc062723c751e8b465ee728b)  -> (artifact id: '3c6028a03b77ffac705bad2de439a8e4') in 0.010906 seconds
Number of updated asset objects reloaded before import = 0
Number of asset objects unloaded after import = 3
========================================================================
Received Import Request.
  Time since last request: 0.000010 seconds.
  path: Assets/Sprite/캐릭터(V2)/전사2.png
  artifactKey: Guid(25ce47c98bae5004b9550613ee5fd188) Importer(815301076,1909f56bfc062723c751e8b465ee728b)
Start importing Assets/Sprite/캐릭터(V2)/전사2.png using Guid(25ce47c98bae5004b9550613ee5fd188) Importer(815301076,1909f56bfc062723c751e8b465ee728b)  -> (artifact id: '27165f5f4a43f47eb0d1117b4e68dacb') in 0.015143 seconds
Number of updated asset objects reloaded before import = 0
Number of asset objects unloaded after import = 3
========================================================================
Received Import Request.
  Time since last request: 0.000013 seconds.
  path: Assets/Sprite/캐릭터(V2)/음유시인_1.png
  artifactKey: Guid(88ed09a7c4173bf4a9297eddd24fe881) Importer(815301076,1909f56bfc062723c751e8b465ee728b)
Start importing Assets/Sprite/캐릭터(V2)/음유시인_1.png using Guid(88ed09a7c4173bf4a9297eddd24fe881) Importer(815301076,1909f56bfc062723c751e8b465ee728b)  -> (artifact id: '7f89d05e79297f1d521ea55a6fb9e4a2') in 0.011209 seconds
Number of updated asset objects reloaded before import = 0
Number of asset objects unloaded after import = 3
========================================================================
Received Import Request.
  Time since last request: 0.000046 seconds.
  path: Assets/Sprite/캐릭터(V2)/음유시인_분리.png
  artifactKey: Guid(94611ab9e0a6f9643bbf32d56ac99cc8) Importer(815301076,1909f56bfc062723c751e8b465ee728b)
Start importing Assets/Sprite/캐릭터(V2)/음유시인_분리.png using Guid(94611ab9e0a6f9643bbf32d56ac99cc8) Importer(815301076,1909f56bfc062723c751e8b465ee728b)  -> (artifact id: '296156763871c3083cf302aa34d150e3') in 0.016554 seconds
Number of updated asset objects reloaded before import = 0
Number of asset objects unloaded after import = 7
========================================================================
Received Import Request.
  Time since last request: 0.000008 seconds.
  path: Assets/Sprite/캐릭터(V2)/의사3.png
  artifactKey: Guid(efbedadbbe928734aa856faefd84e4d0) Importer(815301076,1909f56bfc062723c751e8b465ee728b)
Start importing Assets/Sprite/캐릭터(V2)/의사3.png using Guid(efbedadbbe928734aa856faefd84e4d0) Importer(815301076,1909f56bfc062723c751e8b465ee728b)  -> (artifact id: 'b67a7c9b1c201e73e3d9ebe60671ace9') in 0.008182 seconds
Number of updated asset objects reloaded before import = 0
Number of asset objects unloaded after import = 3
========================================================================
Received Import Request.
  Time since last request: 0.000008 seconds.
  path: Assets/Sprite/캐릭터(V2)/음유시인.png
  artifactKey: Guid(6cde462c450ae324bb367939d1b1c4a6) Importer(815301076,1909f56bfc062723c751e8b465ee728b)
Start importing Assets/Sprite/캐릭터(V2)/음유시인.png using Guid(6cde462c450ae324bb367939d1b1c4a6) Importer(815301076,1909f56bfc062723c751e8b465ee728b)  -> (artifact id: '62c86a9e8ae018414521c504b1415fda') in 0.011662 seconds
Number of updated asset objects reloaded before import = 0
Number of asset objects unloaded after import = 3
========================================================================
Received Import Request.
  Time since last request: 0.000008 seconds.
  path: Assets/Sprite/캐릭터(V2)/기관사_분리.png
  artifactKey: Guid(ca1c5e956b5111f4081d8b1235e30365) Importer(815301076,1909f56bfc062723c751e8b465ee728b)
Start importing Assets/Sprite/캐릭터(V2)/기관사_분리.png using Guid(ca1c5e956b5111f4081d8b1235e30365) Importer(815301076,1909f56bfc062723c751e8b465ee728b)  -> (artifact id: '75f8791a2492d439d75257827136483e') in 0.018058 seconds
Number of updated asset objects reloaded before import = 0
Number of asset objects unloaded after import = 7
========================================================================
Received Import Request.
  Time since last request: 0.000008 seconds.
  path: Assets/Sprite/캐릭터(V2)/스나이퍼_분리.png
  artifactKey: Guid(0f26371116a4dfc44abdf6e134a0953d) Importer(815301076,1909f56bfc062723c751e8b465ee728b)
Start importing Assets/Sprite/캐릭터(V2)/스나이퍼_분리.png using Guid(0f26371116a4dfc44abdf6e134a0953d) Importer(815301076,1909f56bfc062723c751e8b465ee728b)  -> (artifact id: 'f568cd9a3dab21bbd936e17c87ae69ca') in 0.017854 seconds
Number of updated asset objects reloaded before import = 0
Number of asset objects unloaded after import = 7
========================================================================
Received Import Request.
  Time since last request: 0.000009 seconds.
  path: Assets/Sprite/캐릭터(V2)/의사3_1.png
  artifactKey: Guid(5fa37ac8bd0507d458923916a0be63ee) Importer(815301076,1909f56bfc062723c751e8b465ee728b)
Start importing Assets/Sprite/캐릭터(V2)/의사3_1.png using Guid(5fa37ac8bd0507d458923916a0be63ee) Importer(815301076,1909f56bfc062723c751e8b465ee728b)  -> (artifact id: 'cef84520068beae0e6d77e62eaae3909') in 0.009007 seconds
Number of updated asset objects reloaded before import = 0
Number of asset objects unloaded after import = 3
========================================================================
Received Import Request.
  Time since last request: 0.724486 seconds.
  path: Assets/Sprite/총알/Sprite-0001.png
  artifactKey: Guid(b52aba63dbd28f049a623356a5143481) Importer(815301076,1909f56bfc062723c751e8b465ee728b)
Start importing Assets/Sprite/총알/Sprite-0001.png using Guid(b52aba63dbd28f049a623356a5143481) Importer(815301076,1909f56bfc062723c751e8b465ee728b)  -> (artifact id: '018012a162b71465ba194240f13abaf3') in 0.019093 seconds
Number of updated asset objects reloaded before import = 0
Number of asset objects unloaded after import = 11
========================================================================
Received Import Request.
  Time since last request: 0.000013 seconds.
  path: Assets/Sprite/총알/불꽃놀이 스틱.png
  artifactKey: Guid(e57b0fbcd07494d40a8df0c873fcbe20) Importer(815301076,1909f56bfc062723c751e8b465ee728b)
Start importing Assets/Sprite/총알/불꽃놀이 스틱.png using Guid(e57b0fbcd07494d40a8df0c873fcbe20) Importer(815301076,1909f56bfc062723c751e8b465ee728b)  -> (artifact id: '9c063cff860eb0ec977fb7b9c89c2575') in 0.007712 seconds
Number of updated asset objects reloaded before import = 0
Number of asset objects unloaded after import = 3
========================================================================
Received Import Request.
  Time since last request: 0.000018 seconds.
  path: Assets/Sprite/총알/총알이름.png
  artifactKey: Guid(c1995fe16bf143a4aba69edd218339c9) Importer(815301076,1909f56bfc062723c751e8b465ee728b)
Start importing Assets/Sprite/총알/총알이름.png using Guid(c1995fe16bf143a4aba69edd218339c9) Importer(815301076,1909f56bfc062723c751e8b465ee728b)  -> (artifact id: '70a094501c48285f0efca78f38dbaf14') in 0.009602 seconds
Number of updated asset objects reloaded before import = 0
Number of asset objects unloaded after import = 3
========================================================================
Received Import Request.
  Time since last request: 0.000009 seconds.
  path: Assets/Sprite/총알/석궁포탑_일반화살0_불.png
  artifactKey: Guid(0064d30a05bc8254b9f3205b0d0dc65d) Importer(815301076,1909f56bfc062723c751e8b465ee728b)
Start importing Assets/Sprite/총알/석궁포탑_일반화살0_불.png using Guid(0064d30a05bc8254b9f3205b0d0dc65d) Importer(815301076,1909f56bfc062723c751e8b465ee728b)  -> (artifact id: '3ed91f7e8ff350b928a6cf5e601d19cc') in 0.007982 seconds
Number of updated asset objects reloaded before import = 0
Number of asset objects unloaded after import = 3
========================================================================
Received Import Request.
  Time since last request: 0.000008 seconds.
  path: Assets/Sprite/총알/석궁포탑_일반화살0_화살.png
  artifactKey: Guid(e8b5e7e08e21f064ea43496744456f98) Importer(815301076,1909f56bfc062723c751e8b465ee728b)
Start importing Assets/Sprite/총알/석궁포탑_일반화살0_화살.png using Guid(e8b5e7e08e21f064ea43496744456f98) Importer(815301076,1909f56bfc062723c751e8b465ee728b)  -> (artifact id: '4279ece4254466053ccf07065e9f0cfb') in 0.007228 seconds
Number of updated asset objects reloaded before import = 0
Number of asset objects unloaded after import = 3
========================================================================
Received Import Request.
  Time since last request: 0.743632 seconds.
  path: Assets/Sprite/구버전UI/Story/dialogue window.png
  artifactKey: Guid(8b8f641a52c5cc54784b3acdb962a17d) Importer(815301076,1909f56bfc062723c751e8b465ee728b)
Start importing Assets/Sprite/구버전UI/Story/dialogue window.png using Guid(8b8f641a52c5cc54784b3acdb962a17d) Importer(815301076,1909f56bfc062723c751e8b465ee728b)  -> (artifact id: '0aab8f92c0cccc35fa254177dedf7f1d') in 0.012148 seconds
Number of updated asset objects reloaded before import = 0
Number of asset objects unloaded after import = 3
========================================================================
Received Import Request.
  Time since last request: 0.629530 seconds.
  path: Assets/Sprite/구버전UI/Station_Store/Select mercenary employment.png
  artifactKey: Guid(be5c78c69d1a97941a015cf988dc924b) Importer(815301076,1909f56bfc062723c751e8b465ee728b)
Start importing Assets/Sprite/구버전UI/Station_Store/Select mercenary employment.png using Guid(be5c78c69d1a97941a015cf988dc924b) Importer(815301076,1909f56bfc062723c751e8b465ee728b)  -> (artifact id: '0aac2dd110385625a6a07544e15b4db1') in 0.019323 seconds
Number of updated asset objects reloaded before import = 0
Number of asset objects unloaded after import = 3
========================================================================
Received Import Request.
  Time since last request: 0.000012 seconds.
  path: Assets/Sprite/구버전UI/Station_Store/Spider.png
  artifactKey: Guid(20271857de1ad8546a41975189b1617a) Importer(815301076,1909f56bfc062723c751e8b465ee728b)
Start importing Assets/Sprite/구버전UI/Station_Store/Spider.png using Guid(20271857de1ad8546a41975189b1617a) Importer(815301076,1909f56bfc062723c751e8b465ee728b)  -> (artifact id: '62f974f6a244c6c6c33428fc848452f1') in 0.073737 seconds
Number of updated asset objects reloaded before import = 0
Number of asset objects unloaded after import = 3
========================================================================
Received Import Request.
  Time since last request: 0.000016 seconds.
  path: Assets/Sprite/구버전UI/Station_Store/Store 1.png
  artifactKey: Guid(918f04e101a12d849be0a28ceab19b45) Importer(815301076,1909f56bfc062723c751e8b465ee728b)
Start importing Assets/Sprite/구버전UI/Station_Store/Store 1.png using Guid(918f04e101a12d849be0a28ceab19b45) Importer(815301076,1909f56bfc062723c751e8b465ee728b)  -> (artifact id: '33bcc9ea82ee157338475f985832c184') in 0.044584 seconds
Number of updated asset objects reloaded before import = 0
Number of asset objects unloaded after import = 3
========================================================================
Received Import Request.
  Time since last request: 0.012356 seconds.
  path: Assets/Sprite/구버전UI/Station_Store/Title.mat
  artifactKey: Guid(544275333ac3c2d4e8b6f07d4a9c9b04) Importer(815301076,1909f56bfc062723c751e8b465ee728b)
Start importing Assets/Sprite/구버전UI/Station_Store/Title.mat using Guid(544275333ac3c2d4e8b6f07d4a9c9b04) Importer(815301076,1909f56bfc062723c751e8b465ee728b)  -> (artifact id: '1d9621fa929758ceb02108771cb42c62') in 0.028797 seconds
Number of updated asset objects reloaded before import = 0
Number of asset objects unloaded after import = 2
========================================================================
Received Import Request.
  Time since last request: 0.280282 seconds.
  path: Assets/Sprite/구버전UI/Station_Maintenance/2.png
  artifactKey: Guid(6da3f1f39fe912b4baf1082c5bb07842) Importer(815301076,1909f56bfc062723c751e8b465ee728b)
Start importing Assets/Sprite/구버전UI/Station_Maintenance/2.png using Guid(6da3f1f39fe912b4baf1082c5bb07842) Importer(815301076,1909f56bfc062723c751e8b465ee728b)  -> (artifact id: '762af73939f7d2e731e04db881c42fa1') in 0.011685 seconds
Number of updated asset objects reloaded before import = 0
Number of asset objects unloaded after import = 3
========================================================================
Received Import Request.
  Time since last request: 0.000011 seconds.
  path: Assets/Sprite/구버전UI/Station_Maintenance/button 1.png
  artifactKey: Guid(85e3d1f64cd1efa4489cfb0da1e900d9) Importer(815301076,1909f56bfc062723c751e8b465ee728b)
Start importing Assets/Sprite/구버전UI/Station_Maintenance/button 1.png using Guid(85e3d1f64cd1efa4489cfb0da1e900d9) Importer(815301076,1909f56bfc062723c751e8b465ee728b)  -> (artifact id: '1680fdc402dabc063cd3e4b842855dee') in 0.008302 seconds
Number of updated asset objects reloaded before import = 0
Number of asset objects unloaded after import = 3
========================================================================
Received Import Request.
  Time since last request: 0.000008 seconds.
  path: Assets/Sprite/구버전UI/Station_Maintenance/9.png
  artifactKey: Guid(8caa2f717ac214c419560e9c6c030caf) Importer(815301076,1909f56bfc062723c751e8b465ee728b)
Start importing Assets/Sprite/구버전UI/Station_Maintenance/9.png using Guid(8caa2f717ac214c419560e9c6c030caf) Importer(815301076,1909f56bfc062723c751e8b465ee728b)  -> (artifact id: '2f46e9fd3d09d3412b082e1afda915b2') in 0.013122 seconds
Number of updated asset objects reloaded before import = 0
Number of asset objects unloaded after import = 3
========================================================================
Received Import Request.
  Time since last request: 0.000008 seconds.
  path: Assets/Sprite/구버전UI/Station_Maintenance/Back.png
  artifactKey: Guid(588ac761c495cb549a4619bfe4114061) Importer(815301076,1909f56bfc062723c751e8b465ee728b)
Start importing Assets/Sprite/구버전UI/Station_Maintenance/Back.png using Guid(588ac761c495cb549a4619bfe4114061) Importer(815301076,1909f56bfc062723c751e8b465ee728b)  -> (artifact id: '26f6b37cf9590fb7fcbc705fdb18354c') in 0.012231 seconds
Number of updated asset objects reloaded before import = 0
Number of asset objects unloaded after import = 3
========================================================================
Received Import Request.
  Time since last request: 0.007029 seconds.
  path: Assets/Sprite/구버전UI/Station_Maintenance/6.png
  artifactKey: Guid(088f33798b7e35444acea1972487abd0) Importer(815301076,1909f56bfc062723c751e8b465ee728b)
Start importing Assets/Sprite/구버전UI/Station_Maintenance/6.png using Guid(088f33798b7e35444acea1972487abd0) Importer(815301076,1909f56bfc062723c751e8b465ee728b)  -> (artifact id: '9e5ed265e8064045f7a11ecff61e7c0d') in 0.006716 seconds
Number of updated asset objects reloaded before import = 0
Number of asset objects unloaded after import = 3
========================================================================
Received Import Request.
  Time since last request: 0.000007 seconds.
  path: Assets/Sprite/구버전UI/Station_Maintenance/change.png
  artifactKey: Guid(d6ace578c041cf949a210816de6a5656) Importer(815301076,1909f56bfc062723c751e8b465ee728b)
Start importing Assets/Sprite/구버전UI/Station_Maintenance/change.png using Guid(d6ace578c041cf949a210816de6a5656) Importer(815301076,1909f56bfc062723c751e8b465ee728b)  -> (artifact id: 'e82e084f5fd75360bb6e4fa36d587d5f') in 0.007576 seconds
Number of updated asset objects reloaded before import = 0
Number of asset objects unloaded after import = 3
========================================================================
Received Import Request.
  Time since last request: 0.028939 seconds.
  path: Assets/Sprite/구버전UI/Station_Maintenance/Engine.png
  artifactKey: Guid(bf7aeb1dc79b7334e96c7ea9bff80145) Importer(815301076,1909f56bfc062723c751e8b465ee728b)
Start importing Assets/Sprite/구버전UI/Station_Maintenance/Engine.png using Guid(bf7aeb1dc79b7334e96c7ea9bff80145) Importer(815301076,1909f56bfc062723c751e8b465ee728b)  -> (artifact id: '4112c08dcb90189367556f551cb038b5') in 0.009165 seconds
Number of updated asset objects reloaded before import = 0
Number of asset objects unloaded after import = 3
========================================================================
Received Import Request.
  Time since last request: 0.000008 seconds.
  path: Assets/Sprite/구버전UI/Station_Maintenance/fuel selection.png
  artifactKey: Guid(09155504fa8907d418ecb2ebad6c848e) Importer(815301076,1909f56bfc062723c751e8b465ee728b)
Start importing Assets/Sprite/구버전UI/Station_Maintenance/fuel selection.png using Guid(09155504fa8907d418ecb2ebad6c848e) Importer(815301076,1909f56bfc062723c751e8b465ee728b)  -> (artifact id: 'bd75ff7b90e8cd5e84380e2ec9e5f39b') in 0.009196 seconds
Number of updated asset objects reloaded before import = 0
Number of asset objects unloaded after import = 3
========================================================================
Received Import Request.
  Time since last request: 0.631689 seconds.
  path: Assets/Sprite/구버전UI/Station_Maintenance/Menu3 Selection.png
  artifactKey: Guid(c87977e3f7045fd4c878417d6ee38c52) Importer(815301076,1909f56bfc062723c751e8b465ee728b)
Start importing Assets/Sprite/구버전UI/Station_Maintenance/Menu3 Selection.png using Guid(c87977e3f7045fd4c878417d6ee38c52) Importer(815301076,1909f56bfc062723c751e8b465ee728b)  -> (artifact id: '56a452a2eedf06213c7cbd2daf76b95a') in 0.122806 seconds
Number of updated asset objects reloaded before import = 0
Number of asset objects unloaded after import = 3
========================================================================
Received Import Request.
  Time since last request: 0.439398 seconds.
  path: Assets/Sprite/구버전UI/Station_Maintenance/scroll bar.png
  artifactKey: Guid(2b56c549fa1c24c4fb3ae551cbd209dc) Importer(815301076,1909f56bfc062723c751e8b465ee728b)
Start importing Assets/Sprite/구버전UI/Station_Maintenance/scroll bar.png using Guid(2b56c549fa1c24c4fb3ae551cbd209dc) Importer(815301076,1909f56bfc062723c751e8b465ee728b)  -> (artifact id: '431c8b416fcaf9dc42694401f53567bb') in 0.008022 seconds
Number of updated asset objects reloaded before import = 0
Number of asset objects unloaded after import = 3
========================================================================
Received Import Request.
  Time since last request: 2.963801 seconds.
  path: Assets/Sprite/구버전UI/Station_Lobby/역-간판.png
  artifactKey: Guid(82a6fb269077eb44c9af4d44f9282d48) Importer(815301076,1909f56bfc062723c751e8b465ee728b)
Start importing Assets/Sprite/구버전UI/Station_Lobby/역-간판.png using Guid(82a6fb269077eb44c9af4d44f9282d48) Importer(815301076,1909f56bfc062723c751e8b465ee728b)  -> (artifact id: '58c589e4e4c7090bbffa40857cdb0767') in 0.133044 seconds
Number of updated asset objects reloaded before import = 0
Number of asset objects unloaded after import = 3
========================================================================
Received Import Request.
  Time since last request: 1.191150 seconds.
  path: Assets/Sprite/구버전UI/Station_Fortress/stronghold.png
  artifactKey: Guid(dcfa2931a8936e345982bef3841f1c33) Importer(815301076,1909f56bfc062723c751e8b465ee728b)
Start importing Assets/Sprite/구버전UI/Station_Fortress/stronghold.png using Guid(dcfa2931a8936e345982bef3841f1c33) Importer(815301076,1909f56bfc062723c751e8b465ee728b)  -> (artifact id: '52dc4e3afe6ed1a4ff07b625f0a3fd59') in 0.008623 seconds
Number of updated asset objects reloaded before import = 0
Number of asset objects unloaded after import = 3
========================================================================
Received Import Request.
  Time since last request: 0.385689 seconds.
  path: Assets/Sprite/구버전UI/Station_Common/Select Out.png
  artifactKey: Guid(a0de76077ca3aeb41baadadc4d727214) Importer(815301076,1909f56bfc062723c751e8b465ee728b)
Start importing Assets/Sprite/구버전UI/Station_Common/Select Out.png using Guid(a0de76077ca3aeb41baadadc4d727214) Importer(815301076,1909f56bfc062723c751e8b465ee728b)  -> (artifact id: 'fa9177ef9fac37fbb208c786df6a22f9') in 0.012082 seconds
Number of updated asset objects reloaded before import = 0
Number of asset objects unloaded after import = 3
========================================================================
Received Import Request.
  Time since last request: 0.017140 seconds.
  path: Assets/Sprite/구버전UI/Station_Common/Warning window.png
  artifactKey: Guid(5c83fd1e700a7f3478055afaf02aaf9a) Importer(815301076,1909f56bfc062723c751e8b465ee728b)
Start importing Assets/Sprite/구버전UI/Station_Common/Warning window.png using Guid(5c83fd1e700a7f3478055afaf02aaf9a) Importer(815301076,1909f56bfc062723c751e8b465ee728b)  -> (artifact id: 'f74dac7914ff78bc889e48843e88e001') in 0.010102 seconds
Number of updated asset objects reloaded before import = 0
Number of asset objects unloaded after import = 3
========================================================================
Received Import Request.
  Time since last request: 0.661971 seconds.
  path: Assets/Sprite/구버전UI/OptionWindow/Music.png
  artifactKey: Guid(f905984ef30d10e419640a12cb436635) Importer(815301076,1909f56bfc062723c751e8b465ee728b)
Start importing Assets/Sprite/구버전UI/OptionWindow/Music.png using Guid(f905984ef30d10e419640a12cb436635) Importer(815301076,1909f56bfc062723c751e8b465ee728b)  -> (artifact id: '28e8bfd179d4dd371d1fe688eaa3845a') in 0.177564 seconds
Number of updated asset objects reloaded before import = 0
Number of asset objects unloaded after import = 3
========================================================================
Received Import Request.
  Time since last request: 0.273935 seconds.
  path: Assets/Sprite/구버전UI/OptionWindow/Out.png
  artifactKey: Guid(560eb724618be3845b470209c3a8c41c) Importer(815301076,1909f56bfc062723c751e8b465ee728b)
Start importing Assets/Sprite/구버전UI/OptionWindow/Out.png using Guid(560eb724618be3845b470209c3a8c41c) Importer(815301076,1909f56bfc062723c751e8b465ee728b)  -> (artifact id: 'a2fb04134d6f292ab3a17e26bc4064a7') in 0.031642 seconds
Number of updated asset objects reloaded before import = 0
Number of asset objects unloaded after import = 3
========================================================================
Received Import Request.
  Time since last request: 0.000010 seconds.
  path: Assets/Sprite/구버전UI/OptionWindow/Select a switch.png
  artifactKey: Guid(5720a6fa958e6b741be01ffb62534562) Importer(815301076,1909f56bfc062723c751e8b465ee728b)
Start importing Assets/Sprite/구버전UI/OptionWindow/Select a switch.png using Guid(5720a6fa958e6b741be01ffb62534562) Importer(815301076,1909f56bfc062723c751e8b465ee728b)  -> (artifact id: 'a35b272f3e0e5973c8ec02106f0e0a91') in 0.008146 seconds
Number of updated asset objects reloaded before import = 0
Number of asset objects unloaded after import = 3
========================================================================
Received Import Request.
  Time since last request: 0.029065 seconds.
  path: Assets/Sprite/구버전UI/OptionWindow/switch.png
  artifactKey: Guid(046e4d839ad569f4d9b66020b537b546) Importer(815301076,1909f56bfc062723c751e8b465ee728b)
Start importing Assets/Sprite/구버전UI/OptionWindow/switch.png using Guid(046e4d839ad569f4d9b66020b537b546) Importer(815301076,1909f56bfc062723c751e8b465ee728b)  -> (artifact id: '24a952a9a68dcdea34a84d72dd21d388') in 0.007671 seconds
Number of updated asset objects reloaded before import = 0
Number of asset objects unloaded after import = 3
========================================================================
Received Import Request.
  Time since last request: 7.623260 seconds.
  path: Assets/Sprite/구버전UI/CharacterSelect/Select a Character(Korea).png
  artifactKey: Guid(0fe3618e2917fb541b0981f5f7e12a79) Importer(815301076,1909f56bfc062723c751e8b465ee728b)
Start importing Assets/Sprite/구버전UI/CharacterSelect/Select a Character(Korea).png using Guid(0fe3618e2917fb541b0981f5f7e12a79) Importer(815301076,1909f56bfc062723c751e8b465ee728b)  -> (artifact id: '3f37b66bffef41badeb37f2a7058c587') in 0.216216 seconds
Number of updated asset objects reloaded before import = 0
Number of asset objects unloaded after import = 3
========================================================================
Received Import Request.
  Time since last request: 0.999860 seconds.
  path: Assets/Sprite/Train Sprite/RED 1.png
  artifactKey: Guid(524747ff07c018d4c89002ce3cfa7fa7) Importer(815301076,1909f56bfc062723c751e8b465ee728b)
Start importing Assets/Sprite/Train Sprite/RED 1.png using Guid(524747ff07c018d4c89002ce3cfa7fa7) Importer(815301076,1909f56bfc062723c751e8b465ee728b)  -> (artifact id: '4737808f610763be4d7ea6615ba668ce') in 0.121024 seconds
Number of updated asset objects reloaded before import = 0
Number of asset objects unloaded after import = 3
========================================================================
Received Import Request.
  Time since last request: 0.000013 seconds.
  path: Assets/Sprite/Train Sprite/의무실판ui2.png
  artifactKey: Guid(0fde83d79844f3f44ad87b4889dc1ae9) Importer(815301076,1909f56bfc062723c751e8b465ee728b)
Start importing Assets/Sprite/Train Sprite/의무실판ui2.png using Guid(0fde83d79844f3f44ad87b4889dc1ae9) Importer(815301076,1909f56bfc062723c751e8b465ee728b)  -> (artifact id: '13b28ebfcc01910c32073a1c7efba814') in 0.086960 seconds
Number of updated asset objects reloaded before import = 0
Number of asset objects unloaded after import = 3
========================================================================
Received Import Request.
  Time since last request: 2.989906 seconds.
  path: Assets/Sprite/Monster/01몬스터_2.png
  artifactKey: Guid(bc64a5a521cefcb4a9c53a26ea4ae2ec) Importer(815301076,1909f56bfc062723c751e8b465ee728b)
Start importing Assets/Sprite/Monster/01몬스터_2.png using Guid(bc64a5a521cefcb4a9c53a26ea4ae2ec) Importer(815301076,1909f56bfc062723c751e8b465ee728b)  -> (artifact id: '8b6fb84eaeb9acda30844655e9ab4cdd') in 0.022182 seconds
Number of updated asset objects reloaded before import = 0
Number of asset objects unloaded after import = 3
========================================================================
Received Import Request.
  Time since last request: 0.000009 seconds.
  path: Assets/Sprite/Monster/Monster_OutLine.mat
  artifactKey: Guid(b73b4782463a09d4d8b02bf498b1e354) Importer(815301076,1909f56bfc062723c751e8b465ee728b)
Start importing Assets/Sprite/Monster/Monster_OutLine.mat using Guid(b73b4782463a09d4d8b02bf498b1e354) Importer(815301076,1909f56bfc062723c751e8b465ee728b)  -> (artifact id: 'a16aac160b51c9870e6cb037dab138e5') in 0.016100 seconds
Number of updated asset objects reloaded before import = 0
Number of asset objects unloaded after import = 5
========================================================================
Received Import Request.
  Time since last request: 0.000008 seconds.
  path: Assets/Sprite/Monster/05몬스터_2.png
  artifactKey: Guid(12d149fb180eb0c438ac7ce11e70b341) Importer(815301076,1909f56bfc062723c751e8b465ee728b)
Start importing Assets/Sprite/Monster/05몬스터_2.png using Guid(12d149fb180eb0c438ac7ce11e70b341) Importer(815301076,1909f56bfc062723c751e8b465ee728b)  -> (artifact id: '2d88c500e532f8694c37f82506719106') in 0.035747 seconds
Number of updated asset objects reloaded before import = 0
Number of asset objects unloaded after import = 4
========================================================================
Received Import Request.
  Time since last request: 0.000010 seconds.
  path: Assets/Sprite/Monster/Warning_Boss_Skill_1.prefab
  artifactKey: Guid(6731d407c37e18944b55f8c522f41d2f) Importer(815301076,1909f56bfc062723c751e8b465ee728b)
Start importing Assets/Sprite/Monster/Warning_Boss_Skill_1.prefab using Guid(6731d407c37e18944b55f8c522f41d2f) Importer(815301076,1909f56bfc062723c751e8b465ee728b)  -> (artifact id: '7aa0737598d60a0c719353c50777a1be') in 0.024511 seconds
Number of updated asset objects reloaded before import = 0
Number of asset objects unloaded after import = 39
========================================================================
Received Import Request.
  Time since last request: 2.296634 seconds.
  path: Assets/Sprite/Logo/logo_EN.png
  artifactKey: Guid(287e749c5b33033408a4ad932433531a) Importer(815301076,1909f56bfc062723c751e8b465ee728b)
Start importing Assets/Sprite/Logo/logo_EN.png using Guid(287e749c5b33033408a4ad932433531a) Importer(815301076,1909f56bfc062723c751e8b465ee728b)  -> (artifact id: 'a1e1b364b0d156bc902085060c7384e8') in 0.026389 seconds
Number of updated asset objects reloaded before import = 0
Number of asset objects unloaded after import = 3
========================================================================
Received Import Request.
  Time since last request: 0.000010 seconds.
  path: Assets/Sprite/Logo/logo_KR.png
  artifactKey: Guid(e9631bdec0622bd4281c9ad9c0de1242) Importer(815301076,1909f56bfc062723c751e8b465ee728b)
Start importing Assets/Sprite/Logo/logo_KR.png using Guid(e9631bdec0622bd4281c9ad9c0de1242) Importer(815301076,1909f56bfc062723c751e8b465ee728b)  -> (artifact id: '256913d9d310ea24db0422f2621367f1') in 0.007849 seconds
Number of updated asset objects reloaded before import = 0
Number of asset objects unloaded after import = 3
========================================================================
Received Import Request.
  Time since last request: 6.117880 seconds.
  path: Assets/Sprite/Gun/총0_1.png
  artifactKey: Guid(faa54d50107ce564291fca8e29503a28) Importer(815301076,1909f56bfc062723c751e8b465ee728b)
Start importing Assets/Sprite/Gun/총0_1.png using Guid(faa54d50107ce564291fca8e29503a28) Importer(815301076,1909f56bfc062723c751e8b465ee728b)  -> (artifact id: '31ce1f784e1d61b24c7b287996aa55f4') in 0.036728 seconds
Number of updated asset objects reloaded before import = 0
Number of asset objects unloaded after import = 3
========================================================================
Received Import Request.
  Time since last request: 0.000010 seconds.
  path: Assets/Sprite/Gun/총0_4.png
  artifactKey: Guid(af8d532b385af8548a544b200ab156c8) Importer(815301076,1909f56bfc062723c751e8b465ee728b)
Start importing Assets/Sprite/Gun/총0_4.png using Guid(af8d532b385af8548a544b200ab156c8) Importer(815301076,1909f56bfc062723c751e8b465ee728b)  -> (artifact id: '560935070eafa38458e35df878e4108e') in 0.043145 seconds
Number of updated asset objects reloaded before import = 0
Number of asset objects unloaded after import = 3
========================================================================
Received Import Request.
  Time since last request: 0.670673 seconds.
  path: Assets/Sprite/Effect/Sprite-0003.png
  artifactKey: Guid(6d4ea0816973d4b4d87bb8a457852b46) Importer(815301076,1909f56bfc062723c751e8b465ee728b)
Start importing Assets/Sprite/Effect/Sprite-0003.png using Guid(6d4ea0816973d4b4d87bb8a457852b46) Importer(815301076,1909f56bfc062723c751e8b465ee728b)  -> (artifact id: 'a7c34b61b1bf5d89a07044f22d785bd6') in 0.035980 seconds
Number of updated asset objects reloaded before import = 0
Number of asset objects unloaded after import = 3
========================================================================
Received Import Request.
  Time since last request: 0.000010 seconds.
  path: Assets/Sprite/Effect/StunObject.prefab
  artifactKey: Guid(d362c476fa3f55845a300f03c1236090) Importer(815301076,1909f56bfc062723c751e8b465ee728b)
Start importing Assets/Sprite/Effect/StunObject.prefab using Guid(d362c476fa3f55845a300f03c1236090) Importer(815301076,1909f56bfc062723c751e8b465ee728b)  -> (artifact id: 'da0845f409fb42661e75281a2c9e891d') in 0.028443 seconds
Number of updated asset objects reloaded before import = 0
Number of asset objects unloaded after import = 17
========================================================================
Received Import Request.
  Time since last request: 2.519328 seconds.
  path: Assets/Sprite/Character/페요테 두상.png
  artifactKey: Guid(a72ce62178572f8468ec0de7b6443f8d) Importer(815301076,1909f56bfc062723c751e8b465ee728b)
Start importing Assets/Sprite/Character/페요테 두상.png using Guid(a72ce62178572f8468ec0de7b6443f8d) Importer(815301076,1909f56bfc062723c751e8b465ee728b)  -> (artifact id: 'a8c0bf8769c0e66c8fd9af05322b413d') in 0.116040 seconds
Number of updated asset objects reloaded before import = 0
Number of asset objects unloaded after import = 3
Editor requested this worker to shutdown with reason: Scaling down because of idle timeout
TcpMessagingSession - receive error: operation aborted. errorcode: 995, details:   Ǵ  α׷ û  I/O ۾ ҵǾϴ.
AssetImportWorker is now disconnected from the server
Process exiting
Exiting without the bug reporter. Application will terminate with return code 0