Using pre-set license
Built from '2022.3/staging' branch; Version is '2022.3.19f1 (244b723c30a6) revision 2378610'; Using compiler version '192829333'; Build Type 'Release'
OS: 'Windows 11  (10.0.22631) 64bit Core' Language: 'ko' Physical Memory: 31934 MB
BatchMode: 1, IsHumanControllingUs: 0, StartBugReporterOnCrash: 0, Is64bit: 1, IsPro: 1

COMMAND LINE ARGUMENTS:
C:\Program Files\Unity\Hub\Editor\2022.3.19f1\Editor\Unity.exe
-adb2
-batchMode
-noUpm
-name
AssetImportWorker11
-projectPath
D:/Unity_Project/NiarT_Pro_Fork/Train
-logFile
Logs/AssetImportWorker11.log
-srvPort
57669
Successfully changed project path to: D:/Unity_Project/NiarT_Pro_Fork/Train
D:/Unity_Project/NiarT_Pro_Fork/Train
[UnityMemory] Configuration Parameters - Can be set up in boot.config
    "memorysetup-bucket-allocator-granularity=16"
    "memorysetup-bucket-allocator-bucket-count=8"
    "memorysetup-bucket-allocator-block-size=33554432"
    "memorysetup-bucket-allocator-block-count=8"
    "memorysetup-main-allocator-block-size=16777216"
    "memorysetup-thread-allocator-block-size=16777216"
    "memorysetup-gfx-main-allocator-block-size=16777216"
    "memorysetup-gfx-thread-allocator-block-size=16777216"
    "memorysetup-cache-allocator-block-size=4194304"
    "memorysetup-typetree-allocator-block-size=2097152"
    "memorysetup-profiler-bucket-allocator-granularity=16"
    "memorysetup-profiler-bucket-allocator-bucket-count=8"
    "memorysetup-profiler-bucket-allocator-block-size=33554432"
    "memorysetup-profiler-bucket-allocator-block-count=8"
    "memorysetup-profiler-allocator-block-size=16777216"
    "memorysetup-profiler-editor-allocator-block-size=1048576"
    "memorysetup-temp-allocator-size-main=16777216"
    "memorysetup-job-temp-allocator-block-size=2097152"
    "memorysetup-job-temp-allocator-block-size-background=1048576"
    "memorysetup-job-temp-allocator-reduction-small-platforms=262144"
    "memorysetup-allocator-temp-initial-block-size-main=262144"
    "memorysetup-allocator-temp-initial-block-size-worker=262144"
    "memorysetup-temp-allocator-size-background-worker=32768"
    "memorysetup-temp-allocator-size-job-worker=262144"
    "memorysetup-temp-allocator-size-preload-manager=33554432"
    "memorysetup-temp-allocator-size-nav-mesh-worker=65536"
    "memorysetup-temp-allocator-size-audio-worker=65536"
    "memorysetup-temp-allocator-size-cloud-worker=32768"
    "memorysetup-temp-allocator-size-gi-baking-worker=262144"
    "memorysetup-temp-allocator-size-gfx=262144"
Player connection [42900] Host "[IP] 192.168.45.110 [Port] 0 [Flags] 2 [Guid] 3153467664 [EditorId] 3153467664 [Version] 1048832 [Id] WindowsEditor(7,kmk_home) [Debug] 1 [PackageName] WindowsEditor [ProjectName] Editor" joined multi-casting on [225.0.0.222:54997]...

Player connection [42900] Host "[IP] 192.168.45.110 [Port] 0 [Flags] 2 [Guid] 3153467664 [EditorId] 3153467664 [Version] 1048832 [Id] WindowsEditor(7,kmk_home) [Debug] 1 [PackageName] WindowsEditor [ProjectName] Editor" joined alternative multi-casting on [225.0.0.222:34997]...

[Physics::Module] Initialized MultithreadedJobDispatcher with 15 workers.
Refreshing native plugins compatible for Editor in 5.32 ms, found 3 plugins.
Preloading 0 native plugins for Editor in 0.00 ms.
Initialize engine version: 2022.3.19f1 (244b723c30a6)
[Subsystems] Discovering subsystems at path C:/Program Files/Unity/Hub/Editor/2022.3.19f1/Editor/Data/Resources/UnitySubsystems
[Subsystems] Discovering subsystems at path D:/Unity_Project/NiarT_Pro_Fork/Train/Assets
GfxDevice: creating device client; threaded=0; jobified=0
Direct3D:
    Version:  Direct3D 11.0 [level 11.1]
    Renderer: NVIDIA GeForce RTX 4070 Ti SUPER (ID=0x2705)
    Vendor:   NVIDIA
    VRAM:     16063 MB
    Driver:   32.0.15.6081
Shader 'MoreMountains/MMRipple': fallback shader 'Particle/AlphaBlended' not found
Initialize mono
Mono path[0] = 'C:/Program Files/Unity/Hub/Editor/2022.3.19f1/Editor/Data/Managed'
Mono path[1] = 'C:/Program Files/Unity/Hub/Editor/2022.3.19f1/Editor/Data/MonoBleedingEdge/lib/mono/unityjit-win32'
Mono config path = 'C:/Program Files/Unity/Hub/Editor/2022.3.19f1/Editor/Data/MonoBleedingEdge/etc'
Using monoOptions --debugger-agent=transport=dt_socket,embedding=1,server=y,suspend=n,address=127.0.0.1:56916
Begin MonoManager ReloadAssembly
Registering precompiled unity dll's ...
Register platform support module: C:/Program Files/Unity/Hub/Editor/2022.3.19f1/Editor/Data/PlaybackEngines/WindowsStandaloneSupport/UnityEditor.WindowsStandalone.Extensions.dll
Registered in 0.004510 seconds.
- Loaded All Assemblies, in  0.237 seconds
Native extension for WindowsStandalone target not found
Mono: successfully reloaded assembly
- Finished resetting the current domain, in  0.172 seconds
Domain Reload Profiling: 407ms
	BeginReloadAssembly (74ms)
		ExecutionOrderSort (0ms)
		DisableScriptedObjects (0ms)
		BackupInstance (0ms)
		ReleaseScriptingObjects (0ms)
		CreateAndSetChildDomain (0ms)
	RebuildCommonClasses (20ms)
	RebuildNativeTypeToScriptingClass (7ms)
	initialDomainReloadingComplete (35ms)
	LoadAllAssembliesAndSetupDomain (99ms)
		LoadAssemblies (73ms)
		RebuildTransferFunctionScriptingTraits (0ms)
		AnalyzeDomain (97ms)
			TypeCache.Refresh (97ms)
				TypeCache.ScanAssembly (87ms)
			ScanForSourceGeneratedMonoScriptInfo (0ms)
			ResolveRequiredComponents (0ms)
	FinalizeReload (172ms)
		ReleaseScriptCaches (0ms)
		RebuildScriptCaches (0ms)
		SetupLoadedEditorAssemblies (134ms)
			LogAssemblyErrors (0ms)
			InitializePlatformSupportModulesInManaged (5ms)
			SetLoadedEditorAssemblies (4ms)
			RefreshPlugins (0ms)
			BeforeProcessingInitializeOnLoad (1ms)
			ProcessInitializeOnLoadAttributes (95ms)
			ProcessInitializeOnLoadMethodAttributes (29ms)
			AfterProcessingInitializeOnLoad (0ms)
			EditorAssembliesLoaded (0ms)
		ExecutionOrderSort2 (0ms)
		AwakeInstancesAfterBackupRestoration (0ms)
========================================================================
Worker process is ready to serve import requests
Begin MonoManager ReloadAssembly
Symbol file LoadedFromMemory is not a mono symbol file
- Loaded All Assemblies, in  0.432 seconds
Refreshing native plugins compatible for Editor in 2.80 ms, found 3 plugins.
Native extension for WindowsStandalone target not found
Package Manager log level set to [2]
[Package Manager] Server::EnsureServerProcessIsRunning -- launch failed, reason: Unity was launched with the -noUpm command-line argument
[Package Manager] UpmClient::Send -- Unable to send message (not connected to UPM process).
[Package Manager] Cannot connect to Unity Package Manager local server
Mono: successfully reloaded assembly
- Finished resetting the current domain, in  0.497 seconds
Domain Reload Profiling: 927ms
	BeginReloadAssembly (94ms)
		ExecutionOrderSort (0ms)
		DisableScriptedObjects (3ms)
		BackupInstance (0ms)
		ReleaseScriptingObjects (0ms)
		CreateAndSetChildDomain (14ms)
	RebuildCommonClasses (22ms)
	RebuildNativeTypeToScriptingClass (9ms)
	initialDomainReloadingComplete (29ms)
	LoadAllAssembliesAndSetupDomain (277ms)
		LoadAssemblies (195ms)
		RebuildTransferFunctionScriptingTraits (0ms)
		AnalyzeDomain (135ms)
			TypeCache.Refresh (106ms)
				TypeCache.ScanAssembly (95ms)
			ScanForSourceGeneratedMonoScriptInfo (13ms)
			ResolveRequiredComponents (14ms)
	FinalizeReload (497ms)
		ReleaseScriptCaches (0ms)
		RebuildScriptCaches (0ms)
		SetupLoadedEditorAssemblies (371ms)
			LogAssemblyErrors (0ms)
			InitializePlatformSupportModulesInManaged (4ms)
			SetLoadedEditorAssemblies (3ms)
			RefreshPlugins (0ms)
			BeforeProcessingInitializeOnLoad (45ms)
			ProcessInitializeOnLoadAttributes (290ms)
			ProcessInitializeOnLoadMethodAttributes (21ms)
			AfterProcessingInitializeOnLoad (7ms)
			EditorAssembliesLoaded (1ms)
		ExecutionOrderSort2 (0ms)
		AwakeInstancesAfterBackupRestoration (6ms)
Shader 'MoreMountains/MMRipple': fallback shader 'Particle/AlphaBlended' not found
Launched and connected shader compiler UnityShaderCompiler.exe after 0.05 seconds
Refreshing native plugins compatible for Editor in 2.58 ms, found 3 plugins.
Preloading 0 native plugins for Editor in 0.00 ms.
Unloading 5047 Unused Serialized files (Serialized files now loaded: 0)
Unloading 91 unused Assets / (135.9 KB). Loaded Objects now: 5507.
Memory consumption went from 271.2 MB to 271.1 MB.
Total: 2.692800 ms (FindLiveObjects: 0.280200 ms CreateObjectMapping: 0.081000 ms MarkObjects: 2.206400 ms  DeleteObjects: 0.124800 ms)

AssetImportParameters requested are different than current active one (requested -> active):
  custom:container-demuxer-ogg: 62fdf1f143b41e24485cea50d1cbac27 -> 
  custom:video-codec-MediaFoundation-h265: 746d11721c4dcdbdad8f713fa42b33f4 -> 
  custom:video-decoder-ogg-theora: a1e56fd34408186e4bbccfd4996cb3dc -> 
  custom:framework-win-MediaFoundation: 216162199b28c13a410421893ffa2e32 -> 
  custom:CustomObjectIndexerAttribute: 6d391050e5a25f67b0a2c618074f2cd9 -> 
  custom:container-demuxer-webm: 4f35f7cbe854078d1ac9338744f61a02 -> 
  custom:container-muxer-webm: aa71ff27fc2769a1b78a27578f13a17b -> 
  custom:video-decoder-webm-vp8: 9c59270c3fd7afecdb556c50c9e8de78 -> 
  custom:SearchIndexIgnoredProperties: e643bd26f0fe6173181afceb89e7c659 -> 
  custom:AudioImporter_EditorPlatform: d09bf68614088b80899f8185d706f6e7 -> 
  custom:video-encoder-webm-vp8: eb34c28f22e8b96e1ab97ce403110664 -> 
  custom:audio-decoder-ogg-vorbis: bf7c407c2cedff20999df2af8eb42d56 -> 
  custom:audio-encoder-webm-vorbis: bf7c407c2cedff20999df2af8eb42d56 -> 
========================================================================
Received Import Request.
  Time since last request: 12063.864404 seconds.
  path: Assets/Sprite/구버전UI/Station_Maintenance/arrow.png
  artifactKey: Guid(d474f5aa7fe102b4b8d8919f1c9e2ae7) Importer(815301076,1909f56bfc062723c751e8b465ee728b)
Start importing Assets/Sprite/구버전UI/Station_Maintenance/arrow.png using Guid(d474f5aa7fe102b4b8d8919f1c9e2ae7) Importer(815301076,1909f56bfc062723c751e8b465ee728b)  -> (artifact id: 'd03a27177c48816955d1c7fc96fdbc5d') in 0.043645 seconds
Number of updated asset objects reloaded before import = 0
Number of asset objects unloaded after import = 3
========================================================================
Received Import Request.
  Time since last request: 0.000009 seconds.
  path: Assets/Sprite/구버전UI/Station_Maintenance/Engine selection.png
  artifactKey: Guid(3210ebfe699bc6943afe73fb6943e1d2) Importer(815301076,1909f56bfc062723c751e8b465ee728b)
Start importing Assets/Sprite/구버전UI/Station_Maintenance/Engine selection.png using Guid(3210ebfe699bc6943afe73fb6943e1d2) Importer(815301076,1909f56bfc062723c751e8b465ee728b)  -> (artifact id: '9af521887e2111b0858b3647c7cb2fdd') in 0.011606 seconds
Number of updated asset objects reloaded before import = 0
Number of asset objects unloaded after import = 3
========================================================================
Received Import Request.
  Time since last request: 0.600687 seconds.
  path: Assets/Sprite/구버전UI/Station_Maintenance/Menu1.png
  artifactKey: Guid(69ef28085915adc48959a1f587e52397) Importer(815301076,1909f56bfc062723c751e8b465ee728b)
Start importing Assets/Sprite/구버전UI/Station_Maintenance/Menu1.png using Guid(69ef28085915adc48959a1f587e52397) Importer(815301076,1909f56bfc062723c751e8b465ee728b)  -> (artifact id: 'a1188d5d194b67e43f23f83703bc69e0') in 0.010212 seconds
Number of updated asset objects reloaded before import = 0
Number of asset objects unloaded after import = 3
========================================================================
Received Import Request.
  Time since last request: 0.025839 seconds.
  path: Assets/Sprite/구버전UI/Station_Maintenance/Menu2 Selection.png
  artifactKey: Guid(89de15918da550a4cb7a50e90f32f8f1) Importer(815301076,1909f56bfc062723c751e8b465ee728b)
Start importing Assets/Sprite/구버전UI/Station_Maintenance/Menu2 Selection.png using Guid(89de15918da550a4cb7a50e90f32f8f1) Importer(815301076,1909f56bfc062723c751e8b465ee728b)  -> (artifact id: 'ba0d0ed1df84b512268440928c950054') in 0.121181 seconds
Number of updated asset objects reloaded before import = 0
Number of asset objects unloaded after import = 3
========================================================================
Received Import Request.
  Time since last request: 0.432650 seconds.
  path: Assets/Sprite/구버전UI/Station_Maintenance/repair shop_en.png
  artifactKey: Guid(0f954938cf517ca40aca088057f0e987) Importer(815301076,1909f56bfc062723c751e8b465ee728b)
Start importing Assets/Sprite/구버전UI/Station_Maintenance/repair shop_en.png using Guid(0f954938cf517ca40aca088057f0e987) Importer(815301076,1909f56bfc062723c751e8b465ee728b)  -> (artifact id: '8f7c52c5f29d57c8765034e033fb58d0') in 0.018504 seconds
Number of updated asset objects reloaded before import = 0
Number of asset objects unloaded after import = 3
========================================================================
Received Import Request.
  Time since last request: 0.085202 seconds.
  path: Assets/Sprite/구버전UI/Station_Maintenance/Select a button 1.png
  artifactKey: Guid(a4923c28549f104488d91dd9edff1c55) Importer(815301076,1909f56bfc062723c751e8b465ee728b)
Start importing Assets/Sprite/구버전UI/Station_Maintenance/Select a button 1.png using Guid(a4923c28549f104488d91dd9edff1c55) Importer(815301076,1909f56bfc062723c751e8b465ee728b)  -> (artifact id: '573e154946c5efbee497689fd1186fc0') in 0.023284 seconds
Number of updated asset objects reloaded before import = 0
Number of asset objects unloaded after import = 3
========================================================================
Received Import Request.
  Time since last request: 2.761704 seconds.
  path: Assets/Sprite/구버전UI/Station_Lobby/배경확장예시.png
  artifactKey: Guid(3310f7bf4e73b1140be1005acf26742f) Importer(815301076,1909f56bfc062723c751e8b465ee728b)
Start importing Assets/Sprite/구버전UI/Station_Lobby/배경확장예시.png using Guid(3310f7bf4e73b1140be1005acf26742f) Importer(815301076,1909f56bfc062723c751e8b465ee728b)  -> (artifact id: 'd18e10617fc30f5909d1d46355ef0bde') in 0.038390 seconds
Number of updated asset objects reloaded before import = 0
Number of asset objects unloaded after import = 3
========================================================================
Received Import Request.
  Time since last request: 0.007178 seconds.
  path: Assets/Sprite/구버전UI/Station_Lobby/역.png
  artifactKey: Guid(250429993c50f8346943196282d0b703) Importer(815301076,1909f56bfc062723c751e8b465ee728b)
Start importing Assets/Sprite/구버전UI/Station_Lobby/역.png using Guid(250429993c50f8346943196282d0b703) Importer(815301076,1909f56bfc062723c751e8b465ee728b)  -> (artifact id: 'dc06a1a34a6b25adf8c893d93b24445a') in 0.082985 seconds
Number of updated asset objects reloaded before import = 0
Number of asset objects unloaded after import = 3
========================================================================
Received Import Request.
  Time since last request: 0.000009 seconds.
  path: Assets/Sprite/구버전UI/Station_Lobby/왼쪽문.png
  artifactKey: Guid(b24501d741116274eac1a81a56d29589) Importer(815301076,1909f56bfc062723c751e8b465ee728b)
Start importing Assets/Sprite/구버전UI/Station_Lobby/왼쪽문.png using Guid(b24501d741116274eac1a81a56d29589) Importer(815301076,1909f56bfc062723c751e8b465ee728b)  -> (artifact id: '0b9d2a0e315d94a01848b42643a090dd') in 0.120776 seconds
Number of updated asset objects reloaded before import = 0
Number of asset objects unloaded after import = 3
========================================================================
Received Import Request.
  Time since last request: 0.137691 seconds.
  path: Assets/Sprite/구버전UI/Station_GameStart/Out.png
  artifactKey: Guid(b6eefe3946cc2694daabf359b222ddf5) Importer(815301076,1909f56bfc062723c751e8b465ee728b)
Start importing Assets/Sprite/구버전UI/Station_GameStart/Out.png using Guid(b6eefe3946cc2694daabf359b222ddf5) Importer(815301076,1909f56bfc062723c751e8b465ee728b)  -> (artifact id: '6035a9fd4b3f717fe66e244daaed413f') in 0.008540 seconds
Number of updated asset objects reloaded before import = 0
Number of asset objects unloaded after import = 3
========================================================================
Received Import Request.
  Time since last request: 0.939661 seconds.
  path: Assets/Sprite/구버전UI/Station_Fortress/mercenary upload.png
  artifactKey: Guid(9a39f14676afb924e940ca8b37321f03) Importer(815301076,1909f56bfc062723c751e8b465ee728b)
Start importing Assets/Sprite/구버전UI/Station_Fortress/mercenary upload.png using Guid(9a39f14676afb924e940ca8b37321f03) Importer(815301076,1909f56bfc062723c751e8b465ee728b)  -> (artifact id: '3e53f3f639b48b7ddf341cbdd443e2e3') in 0.010034 seconds
Number of updated asset objects reloaded before import = 0
Number of asset objects unloaded after import = 3
========================================================================
Received Import Request.
  Time since last request: 0.025509 seconds.
  path: Assets/Sprite/구버전UI/Station_Fortress/Select a mercenary upload.png
  artifactKey: Guid(f9c396d05b51d7d4c99bdfb2427d60fe) Importer(815301076,1909f56bfc062723c751e8b465ee728b)
Start importing Assets/Sprite/구버전UI/Station_Fortress/Select a mercenary upload.png using Guid(f9c396d05b51d7d4c99bdfb2427d60fe) Importer(815301076,1909f56bfc062723c751e8b465ee728b)  -> (artifact id: 'dd514c343e5da03624b83b29cbdd5678') in 0.048898 seconds
Number of updated asset objects reloaded before import = 0
Number of asset objects unloaded after import = 3
========================================================================
Received Import Request.
  Time since last request: 0.006948 seconds.
  path: Assets/Sprite/구버전UI/Station_Fortress/stronghold 1.png
  artifactKey: Guid(cb081de76eab94146b15202025572e7f) Importer(815301076,1909f56bfc062723c751e8b465ee728b)
Start importing Assets/Sprite/구버전UI/Station_Fortress/stronghold 1.png using Guid(cb081de76eab94146b15202025572e7f) Importer(815301076,1909f56bfc062723c751e8b465ee728b)  -> (artifact id: 'b3bbb0eb03cf122b9deaf4010a0733ea') in 0.029045 seconds
Number of updated asset objects reloaded before import = 0
Number of asset objects unloaded after import = 3
========================================================================
Received Import Request.
  Time since last request: 0.347949 seconds.
  path: Assets/Sprite/구버전UI/Station_Common/Out.png
  artifactKey: Guid(5837f6fb6b095524fb92c200a74c8753) Importer(815301076,1909f56bfc062723c751e8b465ee728b)
Start importing Assets/Sprite/구버전UI/Station_Common/Out.png using Guid(5837f6fb6b095524fb92c200a74c8753) Importer(815301076,1909f56bfc062723c751e8b465ee728b)  -> (artifact id: '10bf8ee9717d023ab7bbcb91cf63e3a0') in 0.013231 seconds
Number of updated asset objects reloaded before import = 0
Number of asset objects unloaded after import = 3
========================================================================
Received Import Request.
  Time since last request: 0.016269 seconds.
  path: Assets/Sprite/구버전UI/Station_Common/Warning.png
  artifactKey: Guid(e0654bb16b466b14393630dc8df6a06e) Importer(815301076,1909f56bfc062723c751e8b465ee728b)
Start importing Assets/Sprite/구버전UI/Station_Common/Warning.png using Guid(e0654bb16b466b14393630dc8df6a06e) Importer(815301076,1909f56bfc062723c751e8b465ee728b)  -> (artifact id: 'c8e0be055815a53567a2a64d4d67d40b') in 0.012287 seconds
Number of updated asset objects reloaded before import = 0
Number of asset objects unloaded after import = 3
========================================================================
Received Import Request.
  Time since last request: 0.659736 seconds.
  path: Assets/Sprite/구버전UI/OptionWindow/Bar.png
  artifactKey: Guid(fe797219ecc5865449fc8332d626e628) Importer(815301076,1909f56bfc062723c751e8b465ee728b)
Start importing Assets/Sprite/구버전UI/OptionWindow/Bar.png using Guid(fe797219ecc5865449fc8332d626e628) Importer(815301076,1909f56bfc062723c751e8b465ee728b)  -> (artifact id: 'c1990fbef1b1d12f30eaefd6246f78d0') in 0.223805 seconds
Number of updated asset objects reloaded before import = 0
Number of asset objects unloaded after import = 3
========================================================================
Received Import Request.
  Time since last request: 0.231489 seconds.
  path: Assets/Sprite/구버전UI/OptionWindow/off Music selection selection.png
  artifactKey: Guid(6599ca51ccbdb9547a6b69ccf01b3cf3) Importer(815301076,1909f56bfc062723c751e8b465ee728b)
Start importing Assets/Sprite/구버전UI/OptionWindow/off Music selection selection.png using Guid(6599ca51ccbdb9547a6b69ccf01b3cf3) Importer(815301076,1909f56bfc062723c751e8b465ee728b)  -> (artifact id: 'b0fbd106a69319cd64bf6f9e37e78bcd') in 0.008544 seconds
Number of updated asset objects reloaded before import = 0
Number of asset objects unloaded after import = 3
========================================================================
Received Import Request.
  Time since last request: 0.033051 seconds.
  path: Assets/Sprite/구버전UI/OptionWindow/off Sound Selection.png
  artifactKey: Guid(1736dedd2e0b974458cbaef85402e8d1) Importer(815301076,1909f56bfc062723c751e8b465ee728b)
Start importing Assets/Sprite/구버전UI/OptionWindow/off Sound Selection.png using Guid(1736dedd2e0b974458cbaef85402e8d1) Importer(815301076,1909f56bfc062723c751e8b465ee728b)  -> (artifact id: '38ca6c46d375724ba0744de565c0f624') in 0.033159 seconds
Number of updated asset objects reloaded before import = 0
Number of asset objects unloaded after import = 3
========================================================================
Received Import Request.
  Time since last request: 0.036629 seconds.
  path: Assets/Sprite/구버전UI/OptionWindow/Sound.png
  artifactKey: Guid(cbea263670df53f469d3505280442612) Importer(815301076,1909f56bfc062723c751e8b465ee728b)
Start importing Assets/Sprite/구버전UI/OptionWindow/Sound.png using Guid(cbea263670df53f469d3505280442612) Importer(815301076,1909f56bfc062723c751e8b465ee728b)  -> (artifact id: '7bee157d92a85a8236b007fe08118c79') in 0.008627 seconds
Number of updated asset objects reloaded before import = 0
Number of asset objects unloaded after import = 3
========================================================================
Received Import Request.
  Time since last request: 0.439125 seconds.
  path: Assets/Sprite/구버전UI/MainMenu/Infinite Mode.png
  artifactKey: Guid(57200b5ad672d9f4dbed0e4de46a7d29) Importer(815301076,1909f56bfc062723c751e8b465ee728b)
Start importing Assets/Sprite/구버전UI/MainMenu/Infinite Mode.png using Guid(57200b5ad672d9f4dbed0e4de46a7d29) Importer(815301076,1909f56bfc062723c751e8b465ee728b)  -> (artifact id: '16820f28c0803dbbf38b9020e35e9de8') in 0.061121 seconds
Number of updated asset objects reloaded before import = 0
Number of asset objects unloaded after import = 3
========================================================================
Received Import Request.
  Time since last request: 0.015996 seconds.
  path: Assets/Sprite/구버전UI/MainMenu/Preferences.png
  artifactKey: Guid(ac2c45dfd4ddfb7478e38e79f77b5332) Importer(815301076,1909f56bfc062723c751e8b465ee728b)
Start importing Assets/Sprite/구버전UI/MainMenu/Preferences.png using Guid(ac2c45dfd4ddfb7478e38e79f77b5332) Importer(815301076,1909f56bfc062723c751e8b465ee728b)  -> (artifact id: 'fc4a26a86cea4b55b40e9c7962e6e4be') in 0.015841 seconds
Number of updated asset objects reloaded before import = 0
Number of asset objects unloaded after import = 3
========================================================================
Received Import Request.
  Time since last request: 0.000006 seconds.
  path: Assets/Sprite/구버전UI/MainMenu/Select Preferences.png
  artifactKey: Guid(08a416cc5e54087429e080b630649a6b) Importer(815301076,1909f56bfc062723c751e8b465ee728b)
Start importing Assets/Sprite/구버전UI/MainMenu/Select Preferences.png using Guid(08a416cc5e54087429e080b630649a6b) Importer(815301076,1909f56bfc062723c751e8b465ee728b)  -> (artifact id: '94a741a78462b3c9784e48729f466c3c') in 0.023906 seconds
Number of updated asset objects reloaded before import = 0
Number of asset objects unloaded after import = 3
========================================================================
Received Import Request.
  Time since last request: 0.010922 seconds.
  path: Assets/Sprite/구버전UI/MainMenu/tree.png
  artifactKey: Guid(b54af1b69026ef64ebc91d12ba1ecf3d) Importer(815301076,1909f56bfc062723c751e8b465ee728b)
Start importing Assets/Sprite/구버전UI/MainMenu/tree.png using Guid(b54af1b69026ef64ebc91d12ba1ecf3d) Importer(815301076,1909f56bfc062723c751e8b465ee728b)  -> (artifact id: '8a1b0141bec3447b3e8f72715f3cb97d') in 0.043533 seconds
Number of updated asset objects reloaded before import = 0
Number of asset objects unloaded after import = 3
========================================================================
Received Import Request.
  Time since last request: 6.994389 seconds.
  path: Assets/Sprite/구버전UI/CharacterSelect/Select a Character.png
  artifactKey: Guid(cbfe16adc9c343e428b3066b2a77aead) Importer(815301076,1909f56bfc062723c751e8b465ee728b)
Start importing Assets/Sprite/구버전UI/CharacterSelect/Select a Character.png using Guid(cbfe16adc9c343e428b3066b2a77aead) Importer(815301076,1909f56bfc062723c751e8b465ee728b)  -> (artifact id: '6db33592595e15a25af6716e543aa1a4') in 0.168451 seconds
Number of updated asset objects reloaded before import = 0
Number of asset objects unloaded after import = 3
========================================================================
Received Import Request.
  Time since last request: 0.000014 seconds.
  path: Assets/Sprite/구버전UI/CharacterSelect/string.png
  artifactKey: Guid(7ce7469de62aaba4c96785c01831f0f9) Importer(815301076,1909f56bfc062723c751e8b465ee728b)
Start importing Assets/Sprite/구버전UI/CharacterSelect/string.png using Guid(7ce7469de62aaba4c96785c01831f0f9) Importer(815301076,1909f56bfc062723c751e8b465ee728b)  -> (artifact id: 'afbb40164485a32fc93d292261f20327') in 0.008304 seconds
Number of updated asset objects reloaded before import = 0
Number of asset objects unloaded after import = 3
========================================================================
Received Import Request.
  Time since last request: 1.051349 seconds.
  path: Assets/Sprite/Train Sprite/GREEN 1.png
  artifactKey: Guid(429d11a624f025e458ae3fdfc9bb3da2) Importer(815301076,1909f56bfc062723c751e8b465ee728b)
Start importing Assets/Sprite/Train Sprite/GREEN 1.png using Guid(429d11a624f025e458ae3fdfc9bb3da2) Importer(815301076,1909f56bfc062723c751e8b465ee728b)  -> (artifact id: '30b9cfdf49d7bd16eb8f369058d1efeb') in 0.179771 seconds
Number of updated asset objects reloaded before import = 0
Number of asset objects unloaded after import = 3
========================================================================
Received Import Request.
  Time since last request: 3.019708 seconds.
  path: Assets/Sprite/Monster/01몬스터1.png
  artifactKey: Guid(d799e5f45dd3920478c726d5a2b21866) Importer(815301076,1909f56bfc062723c751e8b465ee728b)
Start importing Assets/Sprite/Monster/01몬스터1.png using Guid(d799e5f45dd3920478c726d5a2b21866) Importer(815301076,1909f56bfc062723c751e8b465ee728b)  -> (artifact id: '30f8b061a09c5913ef24ce1e58002409') in 0.008449 seconds
Number of updated asset objects reloaded before import = 0
Number of asset objects unloaded after import = 2
========================================================================
Received Import Request.
  Time since last request: 0.000009 seconds.
  path: Assets/Sprite/Monster/Boss0_Skill1_Bullet.prefab
  artifactKey: Guid(c7b8dd00628a80045b0ae15d67467a66) Importer(815301076,1909f56bfc062723c751e8b465ee728b)
Start importing Assets/Sprite/Monster/Boss0_Skill1_Bullet.prefab using Guid(c7b8dd00628a80045b0ae15d67467a66) Importer(815301076,1909f56bfc062723c751e8b465ee728b)  -> (artifact id: 'c1f5ebd9657d053e9bf160da987f4583') in 0.043077 seconds
Number of updated asset objects reloaded before import = 0
Number of asset objects unloaded after import = 8
========================================================================
Received Import Request.
  Time since last request: 0.000009 seconds.
  path: Assets/Sprite/Monster/Test_Bullet.prefab
  artifactKey: Guid(6283a0c98350014409b2977e6907648a) Importer(815301076,1909f56bfc062723c751e8b465ee728b)
Start importing Assets/Sprite/Monster/Test_Bullet.prefab using Guid(6283a0c98350014409b2977e6907648a) Importer(815301076,1909f56bfc062723c751e8b465ee728b)  -> (artifact id: '8e793d08b99e62ea5030858b330ec0e9') in 0.015906 seconds
Number of updated asset objects reloaded before import = 0
Number of asset objects unloaded after import = 24
========================================================================
Received Import Request.
  Time since last request: 0.000010 seconds.
  path: Assets/Sprite/Monster/04몬스터.png
  artifactKey: Guid(dff625d948bc1ef4a860605f1bebb25f) Importer(815301076,1909f56bfc062723c751e8b465ee728b)
Start importing Assets/Sprite/Monster/04몬스터.png using Guid(dff625d948bc1ef4a860605f1bebb25f) Importer(815301076,1909f56bfc062723c751e8b465ee728b)  -> (artifact id: '727f552cc26b35881e7696539049a253') in 0.022229 seconds
Number of updated asset objects reloaded before import = 0
Number of asset objects unloaded after import = 3
========================================================================
Received Import Request.
  Time since last request: 2.304718 seconds.
  path: Assets/Sprite/Logo/logo_beta.png
  artifactKey: Guid(076fb0ca903f6e9478b7f7728c3a3de5) Importer(815301076,1909f56bfc062723c751e8b465ee728b)
Start importing Assets/Sprite/Logo/logo_beta.png using Guid(076fb0ca903f6e9478b7f7728c3a3de5) Importer(815301076,1909f56bfc062723c751e8b465ee728b)  -> (artifact id: '19449fc3fae4647350b86de052c54c5d') in 0.026946 seconds
Number of updated asset objects reloaded before import = 0
Number of asset objects unloaded after import = 3
========================================================================
Received Import Request.
  Time since last request: 0.000009 seconds.
  path: Assets/Sprite/Logo/로고.png
  artifactKey: Guid(ce3ea5d3f1a36ba4ebc4db1d97b18c4c) Importer(815301076,1909f56bfc062723c751e8b465ee728b)
Start importing Assets/Sprite/Logo/로고.png using Guid(ce3ea5d3f1a36ba4ebc4db1d97b18c4c) Importer(815301076,1909f56bfc062723c751e8b465ee728b)  -> (artifact id: '9966ddabec8ff4d38b0910645cd880ef') in 0.008260 seconds
Number of updated asset objects reloaded before import = 0
Number of asset objects unloaded after import = 3
========================================================================
Received Import Request.
  Time since last request: 6.116981 seconds.
  path: Assets/Sprite/Gun/Player0_Gun.png
  artifactKey: Guid(8c4b9197e0892d6428a9c44e17e02a27) Importer(815301076,1909f56bfc062723c751e8b465ee728b)
Start importing Assets/Sprite/Gun/Player0_Gun.png using Guid(8c4b9197e0892d6428a9c44e17e02a27) Importer(815301076,1909f56bfc062723c751e8b465ee728b)  -> (artifact id: 'f6c37b72ff0b8724a83c9e3b8d885630') in 0.023909 seconds
Number of updated asset objects reloaded before import = 0
Number of asset objects unloaded after import = 3
========================================================================
Received Import Request.
  Time since last request: 0.000009 seconds.
  path: Assets/Sprite/Gun/총0_5.png
  artifactKey: Guid(38a0b47deda2ba849b4e8a85b9b50a4a) Importer(815301076,1909f56bfc062723c751e8b465ee728b)
Start importing Assets/Sprite/Gun/총0_5.png using Guid(38a0b47deda2ba849b4e8a85b9b50a4a) Importer(815301076,1909f56bfc062723c751e8b465ee728b)  -> (artifact id: 'a5739445888d8d6255b35b946dac5686') in 0.044237 seconds
Number of updated asset objects reloaded before import = 0
Number of asset objects unloaded after import = 3
========================================================================
Received Import Request.
  Time since last request: 0.682191 seconds.
  path: Assets/Sprite/Effect/PikPng.com_red-beam-png_3683089.png
  artifactKey: Guid(00859f1c5aa6f564db8df33fd996dad5) Importer(815301076,1909f56bfc062723c751e8b465ee728b)
Start importing Assets/Sprite/Effect/PikPng.com_red-beam-png_3683089.png using Guid(00859f1c5aa6f564db8df33fd996dad5) Importer(815301076,1909f56bfc062723c751e8b465ee728b)  -> (artifact id: '03b93e88a4a02886101c3d437b3f0f8a') in 0.110863 seconds
Number of updated asset objects reloaded before import = 0
Number of asset objects unloaded after import = 4
========================================================================
Received Import Request.
  Time since last request: 2.473736 seconds.
  path: Assets/Sprite/Character/메리골드 두상.png
  artifactKey: Guid(c0f30ff98f8cd754b848c71d97b71529) Importer(815301076,1909f56bfc062723c751e8b465ee728b)
Start importing Assets/Sprite/Character/메리골드 두상.png using Guid(c0f30ff98f8cd754b848c71d97b71529) Importer(815301076,1909f56bfc062723c751e8b465ee728b)  -> (artifact id: 'b8783cf8911ba34187616d0ebaf9690f') in 0.118529 seconds
Number of updated asset objects reloaded before import = 0
Number of asset objects unloaded after import = 3
========================================================================
Received Import Request.
  Time since last request: 50.060617 seconds.
  path: Assets/Sprite/Monster/보스/0/Boss0.mat
  artifactKey: Guid(db5b2fa62e2a6544a88bfef7841bf5ce) Importer(815301076,1909f56bfc062723c751e8b465ee728b)
Start importing Assets/Sprite/Monster/보스/0/Boss0.mat using Guid(db5b2fa62e2a6544a88bfef7841bf5ce) Importer(815301076,1909f56bfc062723c751e8b465ee728b)  -> (artifact id: 'dbbc781982ecce70f2745792562dcb87') in 0.048483 seconds
Number of updated asset objects reloaded before import = 0
Number of asset objects unloaded after import = 5
========================================================================
Received Prepare
Begin MonoManager ReloadAssembly
Symbol file LoadedFromMemory is not a mono symbol file
- Loaded All Assemblies, in  0.346 seconds
Refreshing native plugins compatible for Editor in 1.95 ms, found 3 plugins.
Native extension for WindowsStandalone target not found
[Package Manager] Server::EnsureServerProcessIsRunning -- launch failed, reason: Unity was launched with the -noUpm command-line argument
[Package Manager] UpmClient::Send -- Unable to send message (not connected to UPM process).
[Package Manager] Cannot connect to Unity Package Manager local server
Mono: successfully reloaded assembly
- Finished resetting the current domain, in  0.659 seconds
Domain Reload Profiling: 1003ms
	BeginReloadAssembly (123ms)
		ExecutionOrderSort (0ms)
		DisableScriptedObjects (3ms)
		BackupInstance (0ms)
		ReleaseScriptingObjects (0ms)
		CreateAndSetChildDomain (29ms)
	RebuildCommonClasses (24ms)
	RebuildNativeTypeToScriptingClass (7ms)
	initialDomainReloadingComplete (18ms)
	LoadAllAssembliesAndSetupDomain (172ms)
		LoadAssemblies (202ms)
		RebuildTransferFunctionScriptingTraits (0ms)
		AnalyzeDomain (36ms)
			TypeCache.Refresh (8ms)
				TypeCache.ScanAssembly (2ms)
			ScanForSourceGeneratedMonoScriptInfo (8ms)
			ResolveRequiredComponents (19ms)
	FinalizeReload (660ms)
		ReleaseScriptCaches (0ms)
		RebuildScriptCaches (0ms)
		SetupLoadedEditorAssemblies (346ms)
			LogAssemblyErrors (0ms)
			InitializePlatformSupportModulesInManaged (4ms)
			SetLoadedEditorAssemblies (3ms)
			RefreshPlugins (0ms)
			BeforeProcessingInitializeOnLoad (63ms)
			ProcessInitializeOnLoadAttributes (244ms)
			ProcessInitializeOnLoadMethodAttributes (26ms)
			AfterProcessingInitializeOnLoad (5ms)
			EditorAssembliesLoaded (0ms)
		ExecutionOrderSort2 (0ms)
		AwakeInstancesAfterBackupRestoration (7ms)
Shader 'MoreMountains/MMRipple': fallback shader 'Particle/AlphaBlended' not found
Refreshing native plugins compatible for Editor in 2.46 ms, found 3 plugins.
Preloading 0 native plugins for Editor in 0.00 ms.
Unloading 4945 Unused Serialized files (Serialized files now loaded: 0)
Unloading 36 unused Assets / (106.5 KB). Loaded Objects now: 5618.
Memory consumption went from 258.4 MB to 258.3 MB.
Total: 3.398200 ms (FindLiveObjects: 0.245800 ms CreateObjectMapping: 0.116900 ms MarkObjects: 2.980700 ms  DeleteObjects: 0.054300 ms)

Prepare: number of updated asset objects reloaded= 0
AssetImportParameters requested are different than current active one (requested -> active):
  custom:container-demuxer-ogg: 62fdf1f143b41e24485cea50d1cbac27 -> 
  custom:video-codec-MediaFoundation-h265: 746d11721c4dcdbdad8f713fa42b33f4 -> 
  custom:video-decoder-ogg-theora: a1e56fd34408186e4bbccfd4996cb3dc -> 
  custom:framework-win-MediaFoundation: 216162199b28c13a410421893ffa2e32 -> 
  custom:CustomObjectIndexerAttribute: 6d391050e5a25f67b0a2c618074f2cd9 -> 
  custom:container-demuxer-webm: 4f35f7cbe854078d1ac9338744f61a02 -> 
  custom:container-muxer-webm: aa71ff27fc2769a1b78a27578f13a17b -> 
  custom:video-decoder-webm-vp8: 9c59270c3fd7afecdb556c50c9e8de78 -> 
  custom:SearchIndexIgnoredProperties: e643bd26f0fe6173181afceb89e7c659 -> 
  custom:AudioImporter_EditorPlatform: d09bf68614088b80899f8185d706f6e7 -> 
  custom:video-encoder-webm-vp8: eb34c28f22e8b96e1ab97ce403110664 -> 
  custom:audio-decoder-ogg-vorbis: bf7c407c2cedff20999df2af8eb42d56 -> 
  custom:audio-encoder-webm-vorbis: bf7c407c2cedff20999df2af8eb42d56 -> 
========================================================================
Received Prepare
Begin MonoManager ReloadAssembly
Symbol file LoadedFromMemory is not a mono symbol file
- Loaded All Assemblies, in  0.286 seconds
Refreshing native plugins compatible for Editor in 2.04 ms, found 3 plugins.
Native extension for WindowsStandalone target not found
[Package Manager] Server::EnsureServerProcessIsRunning -- launch failed, reason: Unity was launched with the -noUpm command-line argument
[Package Manager] UpmClient::Send -- Unable to send message (not connected to UPM process).
[Package Manager] Cannot connect to Unity Package Manager local server
Mono: successfully reloaded assembly
- Finished resetting the current domain, in  0.552 seconds
Domain Reload Profiling: 837ms
	BeginReloadAssembly (103ms)
		ExecutionOrderSort (0ms)
		DisableScriptedObjects (4ms)
		BackupInstance (0ms)
		ReleaseScriptingObjects (0ms)
		CreateAndSetChildDomain (24ms)
	RebuildCommonClasses (18ms)
	RebuildNativeTypeToScriptingClass (8ms)
	initialDomainReloadingComplete (19ms)
	LoadAllAssembliesAndSetupDomain (136ms)
		LoadAssemblies (169ms)
		RebuildTransferFunctionScriptingTraits (0ms)
		AnalyzeDomain (17ms)
			TypeCache.Refresh (3ms)
				TypeCache.ScanAssembly (0ms)
			ScanForSourceGeneratedMonoScriptInfo (0ms)
			ResolveRequiredComponents (13ms)
	FinalizeReload (552ms)
		ReleaseScriptCaches (0ms)
		RebuildScriptCaches (0ms)
		SetupLoadedEditorAssemblies (283ms)
			LogAssemblyErrors (0ms)
			InitializePlatformSupportModulesInManaged (4ms)
			SetLoadedEditorAssemblies (2ms)
			RefreshPlugins (0ms)
			BeforeProcessingInitializeOnLoad (44ms)
			ProcessInitializeOnLoadAttributes (205ms)
			ProcessInitializeOnLoadMethodAttributes (22ms)
			AfterProcessingInitializeOnLoad (6ms)
			EditorAssembliesLoaded (1ms)
		ExecutionOrderSort2 (0ms)
		AwakeInstancesAfterBackupRestoration (7ms)
Shader 'MoreMountains/MMRipple': fallback shader 'Particle/AlphaBlended' not found
Refreshing native plugins compatible for Editor in 1.85 ms, found 3 plugins.
Preloading 0 native plugins for Editor in 0.00 ms.
Unloading 4946 Unused Serialized files (Serialized files now loaded: 0)
Unloading 36 unused Assets / (106.6 KB). Loaded Objects now: 5633.
Memory consumption went from 260.6 MB to 260.5 MB.
Total: 2.514400 ms (FindLiveObjects: 0.238800 ms CreateObjectMapping: 0.086800 ms MarkObjects: 2.134800 ms  DeleteObjects: 0.053500 ms)

Prepare: number of updated asset objects reloaded= 0
AssetImportParameters requested are different than current active one (requested -> active):
  custom:container-demuxer-ogg: 62fdf1f143b41e24485cea50d1cbac27 -> 
  custom:video-codec-MediaFoundation-h265: 746d11721c4dcdbdad8f713fa42b33f4 -> 
  custom:video-decoder-ogg-theora: a1e56fd34408186e4bbccfd4996cb3dc -> 
  custom:framework-win-MediaFoundation: 216162199b28c13a410421893ffa2e32 -> 
  custom:CustomObjectIndexerAttribute: 6d391050e5a25f67b0a2c618074f2cd9 -> 
  custom:container-demuxer-webm: 4f35f7cbe854078d1ac9338744f61a02 -> 
  custom:container-muxer-webm: aa71ff27fc2769a1b78a27578f13a17b -> 
  custom:video-decoder-webm-vp8: 9c59270c3fd7afecdb556c50c9e8de78 -> 
  custom:SearchIndexIgnoredProperties: e643bd26f0fe6173181afceb89e7c659 -> 
  custom:AudioImporter_EditorPlatform: d09bf68614088b80899f8185d706f6e7 -> 
  custom:video-encoder-webm-vp8: eb34c28f22e8b96e1ab97ce403110664 -> 
  custom:audio-decoder-ogg-vorbis: bf7c407c2cedff20999df2af8eb42d56 -> 
  custom:audio-encoder-webm-vorbis: bf7c407c2cedff20999df2af8eb42d56 -> 
========================================================================
Received Prepare
Begin MonoManager ReloadAssembly
Symbol file LoadedFromMemory is not a mono symbol file
- Loaded All Assemblies, in  0.331 seconds
Refreshing native plugins compatible for Editor in 2.58 ms, found 3 plugins.
Native extension for WindowsStandalone target not found
[Package Manager] Server::EnsureServerProcessIsRunning -- launch failed, reason: Unity was launched with the -noUpm command-line argument
[Package Manager] UpmClient::Send -- Unable to send message (not connected to UPM process).
[Package Manager] Cannot connect to Unity Package Manager local server
Mono: successfully reloaded assembly
- Finished resetting the current domain, in  0.559 seconds
Domain Reload Profiling: 888ms
	BeginReloadAssembly (113ms)
		ExecutionOrderSort (0ms)
		DisableScriptedObjects (3ms)
		BackupInstance (0ms)
		ReleaseScriptingObjects (0ms)
		CreateAndSetChildDomain (29ms)
	RebuildCommonClasses (26ms)
	RebuildNativeTypeToScriptingClass (11ms)
	initialDomainReloadingComplete (23ms)
	LoadAllAssembliesAndSetupDomain (156ms)
		LoadAssemblies (187ms)
		RebuildTransferFunctionScriptingTraits (0ms)
		AnalyzeDomain (24ms)
			TypeCache.Refresh (5ms)
				TypeCache.ScanAssembly (0ms)
			ScanForSourceGeneratedMonoScriptInfo (0ms)
			ResolveRequiredComponents (19ms)
	FinalizeReload (559ms)
		ReleaseScriptCaches (0ms)
		RebuildScriptCaches (0ms)
		SetupLoadedEditorAssemblies (273ms)
			LogAssemblyErrors (0ms)
			InitializePlatformSupportModulesInManaged (3ms)
			SetLoadedEditorAssemblies (3ms)
			RefreshPlugins (0ms)
			BeforeProcessingInitializeOnLoad (45ms)
			ProcessInitializeOnLoadAttributes (192ms)
			ProcessInitializeOnLoadMethodAttributes (24ms)
			AfterProcessingInitializeOnLoad (6ms)
			EditorAssembliesLoaded (1ms)
		ExecutionOrderSort2 (0ms)
		AwakeInstancesAfterBackupRestoration (7ms)
Shader 'MoreMountains/MMRipple': fallback shader 'Particle/AlphaBlended' not found
Refreshing native plugins compatible for Editor in 2.36 ms, found 3 plugins.
Preloading 0 native plugins for Editor in 0.00 ms.
Unloading 4946 Unused Serialized files (Serialized files now loaded: 0)
Unloading 36 unused Assets / (106.7 KB). Loaded Objects now: 5648.
Memory consumption went from 262.5 MB to 262.4 MB.
Total: 3.934300 ms (FindLiveObjects: 0.323200 ms CreateObjectMapping: 0.181500 ms MarkObjects: 3.367200 ms  DeleteObjects: 0.061600 ms)

Prepare: number of updated asset objects reloaded= 0
AssetImportParameters requested are different than current active one (requested -> active):
  custom:container-demuxer-ogg: 62fdf1f143b41e24485cea50d1cbac27 -> 
  custom:video-codec-MediaFoundation-h265: 746d11721c4dcdbdad8f713fa42b33f4 -> 
  custom:video-decoder-ogg-theora: a1e56fd34408186e4bbccfd4996cb3dc -> 
  custom:framework-win-MediaFoundation: 216162199b28c13a410421893ffa2e32 -> 
  custom:CustomObjectIndexerAttribute: 6d391050e5a25f67b0a2c618074f2cd9 -> 
  custom:container-demuxer-webm: 4f35f7cbe854078d1ac9338744f61a02 -> 
  custom:container-muxer-webm: aa71ff27fc2769a1b78a27578f13a17b -> 
  custom:video-decoder-webm-vp8: 9c59270c3fd7afecdb556c50c9e8de78 -> 
  custom:SearchIndexIgnoredProperties: e643bd26f0fe6173181afceb89e7c659 -> 
  custom:AudioImporter_EditorPlatform: d09bf68614088b80899f8185d706f6e7 -> 
  custom:video-encoder-webm-vp8: eb34c28f22e8b96e1ab97ce403110664 -> 
  custom:audio-decoder-ogg-vorbis: bf7c407c2cedff20999df2af8eb42d56 -> 
  custom:audio-encoder-webm-vorbis: bf7c407c2cedff20999df2af8eb42d56 -> 
========================================================================
Received Prepare
Begin MonoManager ReloadAssembly
Symbol file LoadedFromMemory is not a mono symbol file
- Loaded All Assemblies, in  0.365 seconds
Refreshing native plugins compatible for Editor in 2.57 ms, found 3 plugins.
Native extension for WindowsStandalone target not found
[Package Manager] Server::EnsureServerProcessIsRunning -- launch failed, reason: Unity was launched with the -noUpm command-line argument
[Package Manager] UpmClient::Send -- Unable to send message (not connected to UPM process).
[Package Manager] Cannot connect to Unity Package Manager local server
Mono: successfully reloaded assembly
- Finished resetting the current domain, in  0.618 seconds
Domain Reload Profiling: 982ms
	BeginReloadAssembly (122ms)
		ExecutionOrderSort (0ms)
		DisableScriptedObjects (5ms)
		BackupInstance (0ms)
		ReleaseScriptingObjects (0ms)
		CreateAndSetChildDomain (28ms)
	RebuildCommonClasses (28ms)
	RebuildNativeTypeToScriptingClass (10ms)
	initialDomainReloadingComplete (23ms)
	LoadAllAssembliesAndSetupDomain (179ms)
		LoadAssemblies (219ms)
		RebuildTransferFunctionScriptingTraits (0ms)
		AnalyzeDomain (20ms)
			TypeCache.Refresh (5ms)
				TypeCache.ScanAssembly (0ms)
			ScanForSourceGeneratedMonoScriptInfo (0ms)
			ResolveRequiredComponents (14ms)
	FinalizeReload (619ms)
		ReleaseScriptCaches (0ms)
		RebuildScriptCaches (0ms)
		SetupLoadedEditorAssemblies (303ms)
			LogAssemblyErrors (0ms)
			InitializePlatformSupportModulesInManaged (5ms)
			SetLoadedEditorAssemblies (3ms)
			RefreshPlugins (0ms)
			BeforeProcessingInitializeOnLoad (49ms)
			ProcessInitializeOnLoadAttributes (208ms)
			ProcessInitializeOnLoadMethodAttributes (29ms)
			AfterProcessingInitializeOnLoad (8ms)
			EditorAssembliesLoaded (1ms)
		ExecutionOrderSort2 (0ms)
		AwakeInstancesAfterBackupRestoration (7ms)
Shader 'MoreMountains/MMRipple': fallback shader 'Particle/AlphaBlended' not found
Refreshing native plugins compatible for Editor in 2.78 ms, found 3 plugins.
Preloading 0 native plugins for Editor in 0.00 ms.
Unloading 4946 Unused Serialized files (Serialized files now loaded: 0)
Unloading 36 unused Assets / (106.7 KB). Loaded Objects now: 5663.
Memory consumption went from 264.4 MB to 264.3 MB.
Total: 3.102200 ms (FindLiveObjects: 0.315500 ms CreateObjectMapping: 0.174600 ms MarkObjects: 2.545400 ms  DeleteObjects: 0.066200 ms)

Prepare: number of updated asset objects reloaded= 0
AssetImportParameters requested are different than current active one (requested -> active):
  custom:container-demuxer-ogg: 62fdf1f143b41e24485cea50d1cbac27 -> 
  custom:video-codec-MediaFoundation-h265: 746d11721c4dcdbdad8f713fa42b33f4 -> 
  custom:video-decoder-ogg-theora: a1e56fd34408186e4bbccfd4996cb3dc -> 
  custom:framework-win-MediaFoundation: 216162199b28c13a410421893ffa2e32 -> 
  custom:CustomObjectIndexerAttribute: 6d391050e5a25f67b0a2c618074f2cd9 -> 
  custom:container-demuxer-webm: 4f35f7cbe854078d1ac9338744f61a02 -> 
  custom:container-muxer-webm: aa71ff27fc2769a1b78a27578f13a17b -> 
  custom:video-decoder-webm-vp8: 9c59270c3fd7afecdb556c50c9e8de78 -> 
  custom:SearchIndexIgnoredProperties: e643bd26f0fe6173181afceb89e7c659 -> 
  custom:AudioImporter_EditorPlatform: d09bf68614088b80899f8185d706f6e7 -> 
  custom:video-encoder-webm-vp8: eb34c28f22e8b96e1ab97ce403110664 -> 
  custom:audio-decoder-ogg-vorbis: bf7c407c2cedff20999df2af8eb42d56 -> 
  custom:audio-encoder-webm-vorbis: bf7c407c2cedff20999df2af8eb42d56 -> 
========================================================================
Received Prepare
Begin MonoManager ReloadAssembly
Symbol file LoadedFromMemory is not a mono symbol file
- Loaded All Assemblies, in  0.305 seconds
Refreshing native plugins compatible for Editor in 2.61 ms, found 3 plugins.
Native extension for WindowsStandalone target not found
[Package Manager] Server::EnsureServerProcessIsRunning -- launch failed, reason: Unity was launched with the -noUpm command-line argument
[Package Manager] UpmClient::Send -- Unable to send message (not connected to UPM process).
[Package Manager] Cannot connect to Unity Package Manager local server
Mono: successfully reloaded assembly
- Finished resetting the current domain, in  0.613 seconds
Domain Reload Profiling: 916ms
	BeginReloadAssembly (106ms)
		ExecutionOrderSort (0ms)
		DisableScriptedObjects (3ms)
		BackupInstance (0ms)
		ReleaseScriptingObjects (0ms)
		CreateAndSetChildDomain (24ms)
	RebuildCommonClasses (19ms)
	RebuildNativeTypeToScriptingClass (9ms)
	initialDomainReloadingComplete (24ms)
	LoadAllAssembliesAndSetupDomain (144ms)
		LoadAssemblies (174ms)
		RebuildTransferFunctionScriptingTraits (0ms)
		AnalyzeDomain (25ms)
			TypeCache.Refresh (4ms)
				TypeCache.ScanAssembly (0ms)
			ScanForSourceGeneratedMonoScriptInfo (0ms)
			ResolveRequiredComponents (20ms)
	FinalizeReload (614ms)
		ReleaseScriptCaches (0ms)
		RebuildScriptCaches (0ms)
		SetupLoadedEditorAssemblies (326ms)
			LogAssemblyErrors (0ms)
			InitializePlatformSupportModulesInManaged (4ms)
			SetLoadedEditorAssemblies (2ms)
			RefreshPlugins (0ms)
			BeforeProcessingInitializeOnLoad (42ms)
			ProcessInitializeOnLoadAttributes (241ms)
			ProcessInitializeOnLoadMethodAttributes (30ms)
			AfterProcessingInitializeOnLoad (7ms)
			EditorAssembliesLoaded (1ms)
		ExecutionOrderSort2 (0ms)
		AwakeInstancesAfterBackupRestoration (9ms)
Shader 'MoreMountains/MMRipple': fallback shader 'Particle/AlphaBlended' not found
Refreshing native plugins compatible for Editor in 3.19 ms, found 3 plugins.
Preloading 0 native plugins for Editor in 0.00 ms.
Unloading 4946 Unused Serialized files (Serialized files now loaded: 0)
Unloading 36 unused Assets / (106.7 KB). Loaded Objects now: 5678.
Memory consumption went from 266.3 MB to 266.2 MB.
Total: 3.930300 ms (FindLiveObjects: 0.517800 ms CreateObjectMapping: 0.083900 ms MarkObjects: 3.223400 ms  DeleteObjects: 0.104500 ms)

Prepare: number of updated asset objects reloaded= 0
AssetImportParameters requested are different than current active one (requested -> active):
  custom:container-demuxer-ogg: 62fdf1f143b41e24485cea50d1cbac27 -> 
  custom:video-codec-MediaFoundation-h265: 746d11721c4dcdbdad8f713fa42b33f4 -> 
  custom:video-decoder-ogg-theora: a1e56fd34408186e4bbccfd4996cb3dc -> 
  custom:framework-win-MediaFoundation: 216162199b28c13a410421893ffa2e32 -> 
  custom:CustomObjectIndexerAttribute: 6d391050e5a25f67b0a2c618074f2cd9 -> 
  custom:container-demuxer-webm: 4f35f7cbe854078d1ac9338744f61a02 -> 
  custom:container-muxer-webm: aa71ff27fc2769a1b78a27578f13a17b -> 
  custom:video-decoder-webm-vp8: 9c59270c3fd7afecdb556c50c9e8de78 -> 
  custom:SearchIndexIgnoredProperties: e643bd26f0fe6173181afceb89e7c659 -> 
  custom:AudioImporter_EditorPlatform: d09bf68614088b80899f8185d706f6e7 -> 
  custom:video-encoder-webm-vp8: eb34c28f22e8b96e1ab97ce403110664 -> 
  custom:audio-decoder-ogg-vorbis: bf7c407c2cedff20999df2af8eb42d56 -> 
  custom:audio-encoder-webm-vorbis: bf7c407c2cedff20999df2af8eb42d56 -> 
========================================================================
Received Import Request.
  Time since last request: 252.639587 seconds.
  path: Assets/Resources/Bullet/Player/Bullet_Player0.prefab
  artifactKey: Guid(6c8d869575e491a499547d4a79ef3912) Importer(815301076,1909f56bfc062723c751e8b465ee728b)
Start importing Assets/Resources/Bullet/Player/Bullet_Player0.prefab using Guid(6c8d869575e491a499547d4a79ef3912) Importer(815301076,1909f56bfc062723c751e8b465ee728b)  -> (artifact id: '4028785497a0c08d539c7894d0b6bf5f') in 0.047434 seconds
Number of updated asset objects reloaded before import = 0
Number of asset objects unloaded after import = 22
========================================================================
Received Import Request.
  Time since last request: 0.000009 seconds.
  path: Assets/Resources/Bullet/Player/Bullet_Player3.prefab
  artifactKey: Guid(55f798d8d2a0ed748bad1b0ea3f90275) Importer(815301076,1909f56bfc062723c751e8b465ee728b)
Start importing Assets/Resources/Bullet/Player/Bullet_Player3.prefab using Guid(55f798d8d2a0ed748bad1b0ea3f90275) Importer(815301076,1909f56bfc062723c751e8b465ee728b)  -> (artifact id: '8951663fb07dfa279184c3626537c418') in 0.009086 seconds
Number of updated asset objects reloaded before import = 0
Number of asset objects unloaded after import = 10
========================================================================
Received Prepare
Begin MonoManager ReloadAssembly
Symbol file LoadedFromMemory is not a mono symbol file
- Loaded All Assemblies, in  0.314 seconds
Refreshing native plugins compatible for Editor in 1.76 ms, found 3 plugins.
Native extension for WindowsStandalone target not found
[Package Manager] Server::EnsureServerProcessIsRunning -- launch failed, reason: Unity was launched with the -noUpm command-line argument
[Package Manager] UpmClient::Send -- Unable to send message (not connected to UPM process).
[Package Manager] Cannot connect to Unity Package Manager local server
Mono: successfully reloaded assembly
- Finished resetting the current domain, in  0.562 seconds
Domain Reload Profiling: 874ms
	BeginReloadAssembly (108ms)
		ExecutionOrderSort (0ms)
		DisableScriptedObjects (3ms)
		BackupInstance (0ms)
		ReleaseScriptingObjects (0ms)
		CreateAndSetChildDomain (26ms)
	RebuildCommonClasses (29ms)
	RebuildNativeTypeToScriptingClass (8ms)
	initialDomainReloadingComplete (20ms)
	LoadAllAssembliesAndSetupDomain (146ms)
		LoadAssemblies (186ms)
		RebuildTransferFunctionScriptingTraits (0ms)
		AnalyzeDomain (17ms)
			TypeCache.Refresh (4ms)
				TypeCache.ScanAssembly (0ms)
			ScanForSourceGeneratedMonoScriptInfo (0ms)
			ResolveRequiredComponents (12ms)
	FinalizeReload (562ms)
		ReleaseScriptCaches (0ms)
		RebuildScriptCaches (0ms)
		SetupLoadedEditorAssemblies (285ms)
			LogAssemblyErrors (0ms)
			InitializePlatformSupportModulesInManaged (4ms)
			SetLoadedEditorAssemblies (3ms)
			RefreshPlugins (0ms)
			BeforeProcessingInitializeOnLoad (46ms)
			ProcessInitializeOnLoadAttributes (200ms)
			ProcessInitializeOnLoadMethodAttributes (25ms)
			AfterProcessingInitializeOnLoad (7ms)
			EditorAssembliesLoaded (1ms)
		ExecutionOrderSort2 (0ms)
		AwakeInstancesAfterBackupRestoration (6ms)
Shader 'MoreMountains/MMRipple': fallback shader 'Particle/AlphaBlended' not found
Refreshing native plugins compatible for Editor in 3.21 ms, found 3 plugins.
Preloading 0 native plugins for Editor in 0.00 ms.
Unloading 4945 Unused Serialized files (Serialized files now loaded: 0)
Unloading 36 unused Assets / (106.7 KB). Loaded Objects now: 5693.
Memory consumption went from 268.1 MB to 268.0 MB.
Total: 3.377500 ms (FindLiveObjects: 0.409500 ms CreateObjectMapping: 0.098500 ms MarkObjects: 2.802400 ms  DeleteObjects: 0.066700 ms)

Prepare: number of updated asset objects reloaded= 0
AssetImportParameters requested are different than current active one (requested -> active):
  custom:container-demuxer-ogg: 62fdf1f143b41e24485cea50d1cbac27 -> 
  custom:video-codec-MediaFoundation-h265: 746d11721c4dcdbdad8f713fa42b33f4 -> 
  custom:video-decoder-ogg-theora: a1e56fd34408186e4bbccfd4996cb3dc -> 
  custom:framework-win-MediaFoundation: 216162199b28c13a410421893ffa2e32 -> 
  custom:CustomObjectIndexerAttribute: 6d391050e5a25f67b0a2c618074f2cd9 -> 
  custom:container-demuxer-webm: 4f35f7cbe854078d1ac9338744f61a02 -> 
  custom:container-muxer-webm: aa71ff27fc2769a1b78a27578f13a17b -> 
  custom:video-decoder-webm-vp8: 9c59270c3fd7afecdb556c50c9e8de78 -> 
  custom:SearchIndexIgnoredProperties: e643bd26f0fe6173181afceb89e7c659 -> 
  custom:AudioImporter_EditorPlatform: d09bf68614088b80899f8185d706f6e7 -> 
  custom:video-encoder-webm-vp8: eb34c28f22e8b96e1ab97ce403110664 -> 
  custom:audio-decoder-ogg-vorbis: bf7c407c2cedff20999df2af8eb42d56 -> 
  custom:audio-encoder-webm-vorbis: bf7c407c2cedff20999df2af8eb42d56 -> 
Editor requested this worker to shutdown with reason: Scaling down because of idle timeout
TcpMessagingSession - receive error: operation aborted. errorcode: 995, details:   Ǵ  α׷ û  I/O ۾ ҵǾϴ.
AssetImportWorker is now disconnected from the server
Process exiting
Exiting without the bug reporter. Application will terminate with return code 0