Using pre-set license
Built from '2022.3/staging' branch; Version is '2022.3.19f1 (244b723c30a6) revision 2378610'; Using compiler version '192829333'; Build Type 'Release'
OS: 'Windows 11  (10.0.22631) 64bit Core' Language: 'ko' Physical Memory: 31934 MB
BatchMode: 1, IsHumanControllingUs: 0, StartBugReporterOnCrash: 0, Is64bit: 1, IsPro: 1

COMMAND LINE ARGUMENTS:
C:\Program Files\Unity\Hub\Editor\2022.3.19f1\Editor\Unity.exe
-adb2
-batchMode
-noUpm
-name
AssetImportWorker2
-projectPath
D:/Unity_Project/NiarT_Pro_Fork/Train
-logFile
Logs/AssetImportWorker2.log
-srvPort
56462
Successfully changed project path to: D:/Unity_Project/NiarT_Pro_Fork/Train
D:/Unity_Project/NiarT_Pro_Fork/Train
[UnityMemory] Configuration Parameters - Can be set up in boot.config
    "memorysetup-bucket-allocator-granularity=16"
    "memorysetup-bucket-allocator-bucket-count=8"
    "memorysetup-bucket-allocator-block-size=33554432"
    "memorysetup-bucket-allocator-block-count=8"
    "memorysetup-main-allocator-block-size=16777216"
    "memorysetup-thread-allocator-block-size=16777216"
    "memorysetup-gfx-main-allocator-block-size=16777216"
    "memorysetup-gfx-thread-allocator-block-size=16777216"
    "memorysetup-cache-allocator-block-size=4194304"
    "memorysetup-typetree-allocator-block-size=2097152"
    "memorysetup-profiler-bucket-allocator-granularity=16"
    "memorysetup-profiler-bucket-allocator-bucket-count=8"
    "memorysetup-profiler-bucket-allocator-block-size=33554432"
    "memorysetup-profiler-bucket-allocator-block-count=8"
    "memorysetup-profiler-allocator-block-size=16777216"
    "memorysetup-profiler-editor-allocator-block-size=1048576"
    "memorysetup-temp-allocator-size-main=16777216"
    "memorysetup-job-temp-allocator-block-size=2097152"
    "memorysetup-job-temp-allocator-block-size-background=1048576"
    "memorysetup-job-temp-allocator-reduction-small-platforms=262144"
    "memorysetup-allocator-temp-initial-block-size-main=262144"
    "memorysetup-allocator-temp-initial-block-size-worker=262144"
    "memorysetup-temp-allocator-size-background-worker=32768"
    "memorysetup-temp-allocator-size-job-worker=262144"
    "memorysetup-temp-allocator-size-preload-manager=33554432"
    "memorysetup-temp-allocator-size-nav-mesh-worker=65536"
    "memorysetup-temp-allocator-size-audio-worker=65536"
    "memorysetup-temp-allocator-size-cloud-worker=32768"
    "memorysetup-temp-allocator-size-gi-baking-worker=262144"
    "memorysetup-temp-allocator-size-gfx=262144"
Player connection [40996] Host "[IP] 192.168.1.2 [Port] 0 [Flags] 2 [Guid] 1889534983 [EditorId] 1889534983 [Version] 1048832 [Id] WindowsEditor(7,kmk_home) [Debug] 1 [PackageName] WindowsEditor [ProjectName] Editor" joined multi-casting on [225.0.0.222:54997]...

Player connection [40996] Host "[IP] 192.168.1.2 [Port] 0 [Flags] 2 [Guid] 1889534983 [EditorId] 1889534983 [Version] 1048832 [Id] WindowsEditor(7,kmk_home) [Debug] 1 [PackageName] WindowsEditor [ProjectName] Editor" joined alternative multi-casting on [225.0.0.222:34997]...

[Physics::Module] Initialized MultithreadedJobDispatcher with 15 workers.
Refreshing native plugins compatible for Editor in 7.44 ms, found 3 plugins.
Preloading 0 native plugins for Editor in 0.00 ms.
Initialize engine version: 2022.3.19f1 (244b723c30a6)
[Subsystems] Discovering subsystems at path C:/Program Files/Unity/Hub/Editor/2022.3.19f1/Editor/Data/Resources/UnitySubsystems
[Subsystems] Discovering subsystems at path D:/Unity_Project/NiarT_Pro_Fork/Train/Assets
GfxDevice: creating device client; threaded=0; jobified=0
Direct3D:
    Version:  Direct3D 11.0 [level 11.1]
    Renderer: NVIDIA GeForce RTX 4070 Ti SUPER (ID=0x2705)
    Vendor:   NVIDIA
    VRAM:     16063 MB
    Driver:   32.0.15.6094
Shader 'MoreMountains/MMRipple': fallback shader 'Particle/AlphaBlended' not found
Initialize mono
Mono path[0] = 'C:/Program Files/Unity/Hub/Editor/2022.3.19f1/Editor/Data/Managed'
Mono path[1] = 'C:/Program Files/Unity/Hub/Editor/2022.3.19f1/Editor/Data/MonoBleedingEdge/lib/mono/unityjit-win32'
Mono config path = 'C:/Program Files/Unity/Hub/Editor/2022.3.19f1/Editor/Data/MonoBleedingEdge/etc'
Using monoOptions --debugger-agent=transport=dt_socket,embedding=1,server=y,suspend=n,address=127.0.0.1:56524
Begin MonoManager ReloadAssembly
Registering precompiled unity dll's ...
Register platform support module: C:/Program Files/Unity/Hub/Editor/2022.3.19f1/Editor/Data/PlaybackEngines/WindowsStandaloneSupport/UnityEditor.WindowsStandalone.Extensions.dll
Registered in 0.004790 seconds.
- Loaded All Assemblies, in  0.248 seconds
Native extension for WindowsStandalone target not found
Mono: successfully reloaded assembly
- Finished resetting the current domain, in  0.212 seconds
Domain Reload Profiling: 460ms
	BeginReloadAssembly (76ms)
		ExecutionOrderSort (0ms)
		DisableScriptedObjects (0ms)
		BackupInstance (0ms)
		ReleaseScriptingObjects (0ms)
		CreateAndSetChildDomain (1ms)
	RebuildCommonClasses (26ms)
	RebuildNativeTypeToScriptingClass (8ms)
	initialDomainReloadingComplete (38ms)
	LoadAllAssembliesAndSetupDomain (99ms)
		LoadAssemblies (75ms)
		RebuildTransferFunctionScriptingTraits (0ms)
		AnalyzeDomain (97ms)
			TypeCache.Refresh (96ms)
				TypeCache.ScanAssembly (87ms)
			ScanForSourceGeneratedMonoScriptInfo (0ms)
			ResolveRequiredComponents (1ms)
	FinalizeReload (212ms)
		ReleaseScriptCaches (0ms)
		RebuildScriptCaches (0ms)
		SetupLoadedEditorAssemblies (167ms)
			LogAssemblyErrors (0ms)
			InitializePlatformSupportModulesInManaged (7ms)
			SetLoadedEditorAssemblies (6ms)
			RefreshPlugins (0ms)
			BeforeProcessingInitializeOnLoad (1ms)
			ProcessInitializeOnLoadAttributes (117ms)
			ProcessInitializeOnLoadMethodAttributes (36ms)
			AfterProcessingInitializeOnLoad (0ms)
			EditorAssembliesLoaded (0ms)
		ExecutionOrderSort2 (0ms)
		AwakeInstancesAfterBackupRestoration (0ms)
========================================================================
Worker process is ready to serve import requests
Begin MonoManager ReloadAssembly
Symbol file LoadedFromMemory is not a mono symbol file
- Loaded All Assemblies, in  0.534 seconds
Refreshing native plugins compatible for Editor in 2.00 ms, found 3 plugins.
Native extension for WindowsStandalone target not found
Package Manager log level set to [2]
[Package Manager] Server::EnsureServerProcessIsRunning -- launch failed, reason: Unity was launched with the -noUpm command-line argument
[Package Manager] UpmClient::Send -- Unable to send message (not connected to UPM process).
[Package Manager] Cannot connect to Unity Package Manager local server
Mono: successfully reloaded assembly
- Finished resetting the current domain, in  2.047 seconds
Domain Reload Profiling: 2581ms
	BeginReloadAssembly (119ms)
		ExecutionOrderSort (0ms)
		DisableScriptedObjects (4ms)
		BackupInstance (0ms)
		ReleaseScriptingObjects (0ms)
		CreateAndSetChildDomain (19ms)
	RebuildCommonClasses (27ms)
	RebuildNativeTypeToScriptingClass (10ms)
	initialDomainReloadingComplete (28ms)
	LoadAllAssembliesAndSetupDomain (350ms)
		LoadAssemblies (250ms)
		RebuildTransferFunctionScriptingTraits (0ms)
		AnalyzeDomain (170ms)
			TypeCache.Refresh (136ms)
				TypeCache.ScanAssembly (120ms)
			ScanForSourceGeneratedMonoScriptInfo (19ms)
			ResolveRequiredComponents (14ms)
	FinalizeReload (2048ms)
		ReleaseScriptCaches (0ms)
		RebuildScriptCaches (0ms)
		SetupLoadedEditorAssemblies (1897ms)
			LogAssemblyErrors (0ms)
			InitializePlatformSupportModulesInManaged (5ms)
			SetLoadedEditorAssemblies (4ms)
			RefreshPlugins (0ms)
			BeforeProcessingInitializeOnLoad (53ms)
			ProcessInitializeOnLoadAttributes (1809ms)
			ProcessInitializeOnLoadMethodAttributes (23ms)
			AfterProcessingInitializeOnLoad (3ms)
			EditorAssembliesLoaded (1ms)
		ExecutionOrderSort2 (0ms)
		AwakeInstancesAfterBackupRestoration (7ms)
Shader 'MoreMountains/MMRipple': fallback shader 'Particle/AlphaBlended' not found
Launched and connected shader compiler UnityShaderCompiler.exe after 0.07 seconds
Refreshing native plugins compatible for Editor in 2.12 ms, found 3 plugins.
Preloading 0 native plugins for Editor in 0.00 ms.
Unloading 5571 Unused Serialized files (Serialized files now loaded: 0)
Unloading 113 unused Assets / (1.9 MB). Loaded Objects now: 6028.
Memory consumption went from 295.7 MB to 293.9 MB.
Total: 4.357800 ms (FindLiveObjects: 0.389600 ms CreateObjectMapping: 0.246600 ms MarkObjects: 3.213400 ms  DeleteObjects: 0.507600 ms)

AssetImportParameters requested are different than current active one (requested -> active):
  custom:container-demuxer-ogg: 62fdf1f143b41e24485cea50d1cbac27 -> 
  custom:video-codec-MediaFoundation-h265: 746d11721c4dcdbdad8f713fa42b33f4 -> 
  custom:video-decoder-ogg-theora: a1e56fd34408186e4bbccfd4996cb3dc -> 
  custom:framework-win-MediaFoundation: 216162199b28c13a410421893ffa2e32 -> 
  custom:CustomObjectIndexerAttribute: 6d391050e5a25f67b0a2c618074f2cd9 -> 
  custom:container-demuxer-webm: 4f35f7cbe854078d1ac9338744f61a02 -> 
  custom:container-muxer-webm: aa71ff27fc2769a1b78a27578f13a17b -> 
  custom:video-decoder-webm-vp8: 9c59270c3fd7afecdb556c50c9e8de78 -> 
  custom:SearchIndexIgnoredProperties: e643bd26f0fe6173181afceb89e7c659 -> 
  custom:AudioImporter_EditorPlatform: d09bf68614088b80899f8185d706f6e7 -> 
  custom:video-encoder-webm-vp8: eb34c28f22e8b96e1ab97ce403110664 -> 
  custom:audio-decoder-ogg-vorbis: bf7c407c2cedff20999df2af8eb42d56 -> 
  custom:audio-encoder-webm-vorbis: bf7c407c2cedff20999df2af8eb42d56 -> 
========================================================================
Received Import Request.
  Time since last request: 21902.712356 seconds.
  path: Assets/Resources/Sprite/Train/Train_40.png
  artifactKey: Guid(dfcd5a8ecba49f941b46f563b09fcefb) Importer(815301076,1909f56bfc062723c751e8b465ee728b)
Start importing Assets/Resources/Sprite/Train/Train_40.png using Guid(dfcd5a8ecba49f941b46f563b09fcefb) Importer(815301076,1909f56bfc062723c751e8b465ee728b)  -> (artifact id: 'd510e20d081267286771f70ae15f7be4') in 0.044031 seconds
Number of updated asset objects reloaded before import = 0
Number of asset objects unloaded after import = 2
========================================================================
Received Import Request.
  Time since last request: 16.957245 seconds.
  path: Assets/Resources/Sprite/Train/Train_25.png
  artifactKey: Guid(9c3ecf5e39dbd744e87f3f276f44a49c) Importer(815301076,1909f56bfc062723c751e8b465ee728b)
Start importing Assets/Resources/Sprite/Train/Train_25.png using Guid(9c3ecf5e39dbd744e87f3f276f44a49c) Importer(815301076,1909f56bfc062723c751e8b465ee728b)  -> (artifact id: 'b77eebfbaddb77380a6344b800585a68') in 0.012041 seconds
Number of updated asset objects reloaded before import = 0
Number of asset objects unloaded after import = 2
========================================================================
Received Import Request.
  Time since last request: 9.847027 seconds.
  path: Assets/Resources/Sprite/Train/Train_6.png
  artifactKey: Guid(fe13253a1630c3347a02d8b77395e4e3) Importer(815301076,1909f56bfc062723c751e8b465ee728b)
Start importing Assets/Resources/Sprite/Train/Train_6.png using Guid(fe13253a1630c3347a02d8b77395e4e3) Importer(815301076,1909f56bfc062723c751e8b465ee728b)  -> (artifact id: '9ed6fc21ac5405dd39703987ce461944') in 0.019306 seconds
Number of updated asset objects reloaded before import = 0
Number of asset objects unloaded after import = 3
========================================================================
Received Import Request.
  Time since last request: 7.709807 seconds.
  path: Assets/Resources/Sprite/Train/Train_6.png
  artifactKey: Guid(fe13253a1630c3347a02d8b77395e4e3) Importer(815301076,1909f56bfc062723c751e8b465ee728b)
Start importing Assets/Resources/Sprite/Train/Train_6.png using Guid(fe13253a1630c3347a02d8b77395e4e3) Importer(815301076,1909f56bfc062723c751e8b465ee728b)  -> (artifact id: '32309fe2bbba4804e99ee9996402cd0e') in 0.011220 seconds
Number of updated asset objects reloaded before import = 0
Number of asset objects unloaded after import = 2
========================================================================
Received Import Request.
  Time since last request: 12.020164 seconds.
  path: Assets/Resources/Sprite/Train/Train_12.png
  artifactKey: Guid(8fbea4f6062bf2c4b93249ed09bd7224) Importer(815301076,1909f56bfc062723c751e8b465ee728b)
Start importing Assets/Resources/Sprite/Train/Train_12.png using Guid(8fbea4f6062bf2c4b93249ed09bd7224) Importer(815301076,1909f56bfc062723c751e8b465ee728b)  -> (artifact id: 'c38f2259ae06df1f75e86f6d3a1a1769') in 0.011921 seconds
Number of updated asset objects reloaded before import = 0
Number of asset objects unloaded after import = 2
========================================================================
Received Import Request.
  Time since last request: 16.742948 seconds.
  path: Assets/Resources/Sprite/Train/Train_10.png
  artifactKey: Guid(5b4b3ada843dd8743a08c09b79027314) Importer(815301076,1909f56bfc062723c751e8b465ee728b)
Start importing Assets/Resources/Sprite/Train/Train_10.png using Guid(5b4b3ada843dd8743a08c09b79027314) Importer(815301076,1909f56bfc062723c751e8b465ee728b)  -> (artifact id: '73bf1dede36bd41e899054f2e9573c64') in 0.007610 seconds
Number of updated asset objects reloaded before import = 0
Number of asset objects unloaded after import = 3
========================================================================
Received Import Request.
  Time since last request: 24.891364 seconds.
  path: Assets/Resources/Sprite/Train/Train_0.png
  artifactKey: Guid(a9a386c48c5f80e4196b76d9035d5248) Importer(815301076,1909f56bfc062723c751e8b465ee728b)
Start importing Assets/Resources/Sprite/Train/Train_0.png using Guid(a9a386c48c5f80e4196b76d9035d5248) Importer(815301076,1909f56bfc062723c751e8b465ee728b)  -> (artifact id: '47ee91c33b6e0deb60b3d7ac5596da2d') in 0.014102 seconds
Number of updated asset objects reloaded before import = 0
Number of asset objects unloaded after import = 3
========================================================================
Received Import Request.
  Time since last request: 18.301307 seconds.
  path: Assets/Resources/Sprite/Train/Train_1.png
  artifactKey: Guid(d1c7bf03af875324389db0bbe952b0d7) Importer(815301076,1909f56bfc062723c751e8b465ee728b)
Start importing Assets/Resources/Sprite/Train/Train_1.png using Guid(d1c7bf03af875324389db0bbe952b0d7) Importer(815301076,1909f56bfc062723c751e8b465ee728b)  -> (artifact id: '2059defaac51381190e896ca0fd48541') in 0.013369 seconds
Number of updated asset objects reloaded before import = 0
Number of asset objects unloaded after import = 3
========================================================================
Received Import Request.
  Time since last request: 25.925553 seconds.
  path: Assets/Resources/Sprite/Train/Train_2.png
  artifactKey: Guid(c27b9cc0febc4bc40928d763b88dd367) Importer(815301076,1909f56bfc062723c751e8b465ee728b)
Start importing Assets/Resources/Sprite/Train/Train_2.png using Guid(c27b9cc0febc4bc40928d763b88dd367) Importer(815301076,1909f56bfc062723c751e8b465ee728b)  -> (artifact id: '746a3baac50b7fc921033ec6ff69d817') in 0.013723 seconds
Number of updated asset objects reloaded before import = 0
Number of asset objects unloaded after import = 3
========================================================================
Received Import Request.
  Time since last request: 24.759771 seconds.
  path: Assets/Resources/Sprite/Train/Train_4.png
  artifactKey: Guid(0654684bdab21bb40a568790b835ea9c) Importer(815301076,1909f56bfc062723c751e8b465ee728b)
Start importing Assets/Resources/Sprite/Train/Train_4.png using Guid(0654684bdab21bb40a568790b835ea9c) Importer(815301076,1909f56bfc062723c751e8b465ee728b)  -> (artifact id: 'a98a2f9f09db081cedeb8fc581ec61a5') in 0.012368 seconds
Number of updated asset objects reloaded before import = 0
Number of asset objects unloaded after import = 3
========================================================================
Received Import Request.
  Time since last request: 542.839902 seconds.
  path: Assets/Resources/Sprite/Train/Train_5.png
  artifactKey: Guid(c2158e3926160214cb0f76c5843d5a6d) Importer(815301076,1909f56bfc062723c751e8b465ee728b)
Start importing Assets/Resources/Sprite/Train/Train_5.png using Guid(c2158e3926160214cb0f76c5843d5a6d) Importer(815301076,1909f56bfc062723c751e8b465ee728b)  -> (artifact id: 'f7f58e0f05129c476ae98b3f8f105a40') in 0.015236 seconds
Number of updated asset objects reloaded before import = 0
Number of asset objects unloaded after import = 3
========================================================================
Received Import Request.
  Time since last request: 53.795579 seconds.
  path: Assets/Resources/Sprite/Train/Train_6.png
  artifactKey: Guid(fe13253a1630c3347a02d8b77395e4e3) Importer(815301076,1909f56bfc062723c751e8b465ee728b)
Start importing Assets/Resources/Sprite/Train/Train_6.png using Guid(fe13253a1630c3347a02d8b77395e4e3) Importer(815301076,1909f56bfc062723c751e8b465ee728b)  -> (artifact id: '8054c13deeb3cfdf122955691e71915b') in 0.013849 seconds
Number of updated asset objects reloaded before import = 0
Number of asset objects unloaded after import = 3
========================================================================
Received Import Request.
  Time since last request: 29.566272 seconds.
  path: Assets/Resources/Sprite/Train/Train_10.png
  artifactKey: Guid(5b4b3ada843dd8743a08c09b79027314) Importer(815301076,1909f56bfc062723c751e8b465ee728b)
Start importing Assets/Resources/Sprite/Train/Train_10.png using Guid(5b4b3ada843dd8743a08c09b79027314) Importer(815301076,1909f56bfc062723c751e8b465ee728b)  -> (artifact id: 'd2c47e0a058110f3104ae9613ed6c021') in 0.013440 seconds
Number of updated asset objects reloaded before import = 0
Number of asset objects unloaded after import = 2
========================================================================
Received Import Request.
  Time since last request: 19.122125 seconds.
  path: Assets/Resources/Sprite/Train/Train_10.png
  artifactKey: Guid(5b4b3ada843dd8743a08c09b79027314) Importer(815301076,1909f56bfc062723c751e8b465ee728b)
Start importing Assets/Resources/Sprite/Train/Train_10.png using Guid(5b4b3ada843dd8743a08c09b79027314) Importer(815301076,1909f56bfc062723c751e8b465ee728b)  -> (artifact id: '3f42a4fe86ec4c1c166f540b31650a3a') in 0.013950 seconds
Number of updated asset objects reloaded before import = 0
Number of asset objects unloaded after import = 3
========================================================================
Received Import Request.
  Time since last request: 256.771085 seconds.
  path: Assets/Resources/Sprite/Train/Train_11.png
  artifactKey: Guid(4f05c04feffb4cf4db2c97905d97ad81) Importer(815301076,1909f56bfc062723c751e8b465ee728b)
Start importing Assets/Resources/Sprite/Train/Train_11.png using Guid(4f05c04feffb4cf4db2c97905d97ad81) Importer(815301076,1909f56bfc062723c751e8b465ee728b)  -> (artifact id: '87df30297b6666adc2375f8834766b41') in 0.012244 seconds
Number of updated asset objects reloaded before import = 0
Number of asset objects unloaded after import = 3
========================================================================
Received Import Request.
  Time since last request: 21.597511 seconds.
  path: Assets/Resources/Sprite/Train/Train_12.png
  artifactKey: Guid(8fbea4f6062bf2c4b93249ed09bd7224) Importer(815301076,1909f56bfc062723c751e8b465ee728b)
Start importing Assets/Resources/Sprite/Train/Train_12.png using Guid(8fbea4f6062bf2c4b93249ed09bd7224) Importer(815301076,1909f56bfc062723c751e8b465ee728b)  -> (artifact id: 'e343c0b7af3170c6fb188880724aaf20') in 0.012795 seconds
Number of updated asset objects reloaded before import = 0
Number of asset objects unloaded after import = 3
========================================================================
Received Import Request.
  Time since last request: 49.024913 seconds.
  path: Assets/Resources/Sprite/Train/Train_23.png
  artifactKey: Guid(27d8ca0eef2297041bd300332334629e) Importer(815301076,1909f56bfc062723c751e8b465ee728b)
Start importing Assets/Resources/Sprite/Train/Train_23.png using Guid(27d8ca0eef2297041bd300332334629e) Importer(815301076,1909f56bfc062723c751e8b465ee728b)  -> (artifact id: '30eb23f0d1269661af224859ee609178') in 0.013032 seconds
Number of updated asset objects reloaded before import = 0
Number of asset objects unloaded after import = 3
========================================================================
Received Import Request.
  Time since last request: 21.137796 seconds.
  path: Assets/Resources/Sprite/Train/Train_24.png
  artifactKey: Guid(926bc96e540fb3b4b91b4e37779fd19d) Importer(815301076,1909f56bfc062723c751e8b465ee728b)
Start importing Assets/Resources/Sprite/Train/Train_24.png using Guid(926bc96e540fb3b4b91b4e37779fd19d) Importer(815301076,1909f56bfc062723c751e8b465ee728b)  -> (artifact id: 'b8cbab8d490d3a89a6df888f5d60af8d') in 0.013843 seconds
Number of updated asset objects reloaded before import = 0
Number of asset objects unloaded after import = 3
========================================================================
Received Import Request.
  Time since last request: 29.633858 seconds.
  path: Assets/Resources/Sprite/Train/Train_25.png
  artifactKey: Guid(9c3ecf5e39dbd744e87f3f276f44a49c) Importer(815301076,1909f56bfc062723c751e8b465ee728b)
Start importing Assets/Resources/Sprite/Train/Train_25.png using Guid(9c3ecf5e39dbd744e87f3f276f44a49c) Importer(815301076,1909f56bfc062723c751e8b465ee728b)  -> (artifact id: '7f135e2faea3530211ab7e166680a9e5') in 0.015463 seconds
Number of updated asset objects reloaded before import = 0
Number of asset objects unloaded after import = 3
========================================================================
Received Import Request.
  Time since last request: 39.364878 seconds.
  path: Assets/Resources/Sprite/Train/Train_40.png
  artifactKey: Guid(dfcd5a8ecba49f941b46f563b09fcefb) Importer(815301076,1909f56bfc062723c751e8b465ee728b)
Start importing Assets/Resources/Sprite/Train/Train_40.png using Guid(dfcd5a8ecba49f941b46f563b09fcefb) Importer(815301076,1909f56bfc062723c751e8b465ee728b)  -> (artifact id: 'a929a2cb6bfaccdb97441c11a7f13a06') in 0.013453 seconds
Number of updated asset objects reloaded before import = 0
Number of asset objects unloaded after import = 3
========================================================================
Received Import Request.
  Time since last request: 33.761473 seconds.
  path: Assets/Resources/Sprite/Train/Train_41.png
  artifactKey: Guid(5faaf86ffbef49843b4180c65f36b74c) Importer(815301076,1909f56bfc062723c751e8b465ee728b)
Start importing Assets/Resources/Sprite/Train/Train_41.png using Guid(5faaf86ffbef49843b4180c65f36b74c) Importer(815301076,1909f56bfc062723c751e8b465ee728b)  -> (artifact id: 'ce8c9948546eb6be9950c1c15867ebff') in 0.012977 seconds
Number of updated asset objects reloaded before import = 0
Number of asset objects unloaded after import = 3
========================================================================
Received Import Request.
  Time since last request: 17.418310 seconds.
  path: Assets/Resources/Sprite/Train/Train_42.png
  artifactKey: Guid(2a9f209c3d3877a44aeb28b4ef1b5dd4) Importer(815301076,1909f56bfc062723c751e8b465ee728b)
Start importing Assets/Resources/Sprite/Train/Train_42.png using Guid(2a9f209c3d3877a44aeb28b4ef1b5dd4) Importer(815301076,1909f56bfc062723c751e8b465ee728b)  -> (artifact id: '712d7d5d79e222fffc2bf9644ef9b05f') in 0.028526 seconds
Number of updated asset objects reloaded before import = 0
Number of asset objects unloaded after import = 3
========================================================================
Received Import Request.
  Time since last request: 32.459116 seconds.
  path: Assets/Resources/Sprite/Train/Train_44.png
  artifactKey: Guid(aa91f1c00e4208f449b95a327ff039fe) Importer(815301076,1909f56bfc062723c751e8b465ee728b)
Start importing Assets/Resources/Sprite/Train/Train_44.png using Guid(aa91f1c00e4208f449b95a327ff039fe) Importer(815301076,1909f56bfc062723c751e8b465ee728b)  -> (artifact id: '54fa2b7a2572ab81900fa77b16773f2f') in 0.013237 seconds
Number of updated asset objects reloaded before import = 0
Number of asset objects unloaded after import = 3
========================================================================
Received Import Request.
  Time since last request: 13.311757 seconds.
  path: Assets/Resources/Sprite/Train/Train_45.png
  artifactKey: Guid(6ec8eceb22e53d146bbc9827efc10f8c) Importer(815301076,1909f56bfc062723c751e8b465ee728b)
Start importing Assets/Resources/Sprite/Train/Train_45.png using Guid(6ec8eceb22e53d146bbc9827efc10f8c) Importer(815301076,1909f56bfc062723c751e8b465ee728b)  -> (artifact id: 'b3abe97ee4549bb7adaaae4b92353354') in 0.013980 seconds
Number of updated asset objects reloaded before import = 0
Number of asset objects unloaded after import = 3
========================================================================
Received Import Request.
  Time since last request: 18.397299 seconds.
  path: Assets/Resources/Sprite/Train/Train_46.png
  artifactKey: Guid(8a5f0f0612e2d544484fcedfc0660060) Importer(815301076,1909f56bfc062723c751e8b465ee728b)
Start importing Assets/Resources/Sprite/Train/Train_46.png using Guid(8a5f0f0612e2d544484fcedfc0660060) Importer(815301076,1909f56bfc062723c751e8b465ee728b)  -> (artifact id: '9442be980db53d6e324ac4afcb3e4398') in 0.013768 seconds
Number of updated asset objects reloaded before import = 0
Number of asset objects unloaded after import = 3
